{"meta": {"format": 3, "version": "7.11.0", "timestamp": "2025-11-07T07:14:22.411703", "branch_coverage": false, "show_contexts": false}, "files": {"skillnote_recommendation/__init__.py": {"executed_lines": [1, 7, 8, 14, 15, 17, 18], "summary": {"covered_lines": 6, "num_statements": 6, "percent_covered": 100.0, "percent_covered_display": "100", "missing_lines": 0, "excluded_lines": 0}, "missing_lines": [], "excluded_lines": [], "functions": {"": {"executed_lines": [1, 7, 8, 14, 15, 17, 18], "summary": {"covered_lines": 6, "num_statements": 6, "percent_covered": 100.0, "percent_covered_display": "100", "missing_lines": 0, "excluded_lines": 0}, "missing_lines": [], "excluded_lines": []}}, "classes": {"": {"executed_lines": [1, 7, 8, 14, 15, 17, 18], "summary": {"covered_lines": 6, "num_statements": 6, "percent_covered": 100.0, "percent_covered_display": "100", "missing_lines": 0, "excluded_lines": 0}, "missing_lines": [], "excluded_lines": []}}}, "skillnote_recommendation/core/__init__.py": {"executed_lines": [1], "summary": {"covered_lines": 0, "num_statements": 0, "percent_covered": 100.0, "percent_covered_display": "100", "missing_lines": 0, "excluded_lines": 0}, "missing_lines": [], "excluded_lines": [], "functions": {"": {"executed_lines": [1], "summary": {"covered_lines": 0, "num_statements": 0, "percent_covered": 100.0, "percent_covered_display": "100", "missing_lines": 0, "excluded_lines": 0}, "missing_lines": [], "excluded_lines": []}}, "classes": {"": {"executed_lines": [1], "summary": {"covered_lines": 0, "num_statements": 0, "percent_covered": 100.0, "percent_covered_display": "100", "missing_lines": 0, "excluded_lines": 0}, "missing_lines": [], "excluded_lines": []}}}, "skillnote_recommendation/core/config.py": {"executed_lines": [1, 7, 10, 11, 14, 17, 18, 21, 31, 40, 49, 69, 75, 96, 104, 129, 136, 147, 171, 178, 179, 181, 182, 186, 187, 191, 192], "summary": {"covered_lines": 25, "num_statements": 29, "percent_covered": 86.20689655172414, "percent_covered_display": "86", "missing_lines": 4, "excluded_lines": 0}, "missing_lines": [184, 189, 194, 195], "excluded_lines": [], "functions": {"Config.get_input_dir": {"executed_lines": [], "summary": {"covered_lines": 0, "num_statements": 1, "percent_covered": 0.0, "percent_covered_display": "0", "missing_lines": 1, "excluded_lines": 0}, "missing_lines": [184], "excluded_lines": []}, "Config.get_output_path": {"executed_lines": [], "summary": {"covered_lines": 0, "num_statements": 1, "percent_covered": 0.0, "percent_covered_display": "0", "missing_lines": 1, "excluded_lines": 0}, "missing_lines": [189], "excluded_lines": []}, "Config.ensure_directories": {"executed_lines": [], "summary": {"covered_lines": 0, "num_statements": 2, "percent_covered": 0.0, "percent_covered_display": "0", "missing_lines": 2, "excluded_lines": 0}, "missing_lines": [194, 195], "excluded_lines": []}, "": {"executed_lines": [1, 7, 10, 11, 14, 17, 18, 21, 31, 40, 49, 69, 75, 96, 104, 129, 136, 147, 171, 178, 179, 181, 182, 186, 187, 191, 192], "summary": {"covered_lines": 25, "num_statements": 25, "percent_covered": 100.0, "percent_covered_display": "100", "missing_lines": 0, "excluded_lines": 0}, "missing_lines": [], "excluded_lines": []}}, "classes": {"Config": {"executed_lines": [], "summary": {"covered_lines": 0, "num_statements": 4, "percent_covered": 0.0, "percent_covered_display": "0", "missing_lines": 4, "excluded_lines": 0}, "missing_lines": [184, 189, 194, 195], "excluded_lines": []}, "": {"executed_lines": [1, 7, 10, 11, 14, 17, 18, 21, 31, 40, 49, 69, 75, 96, 104, 129, 136, 147, 171, 178, 179, 181, 182, 186, 187, 191, 192], "summary": {"covered_lines": 25, "num_statements": 25, "percent_covered": 100.0, "percent_covered_display": "100", "missing_lines": 0, "excluded_lines": 0}, "missing_lines": [], "excluded_lines": []}}}, "skillnote_recommendation/core/config_v2.py": {"executed_lines": [], "summary": {"covered_lines": 0, "num_statements": 139, "percent_covered": 0.0, "percent_covered_display": "0", "missing_lines": 139, "excluded_lines": 0}, "missing_lines": [11, 12, 13, 14, 15, 18, 21, 22, 23, 26, 27, 30, 31, 32, 34, 35, 37, 40, 41, 44, 45, 46, 47, 48, 49, 52, 53, 56, 57, 58, 59, 60, 63, 64, 67, 68, 69, 70, 71, 74, 75, 78, 79, 80, 81, 82, 83, 84, 85, 86, 87, 88, 91, 92, 95, 96, 97, 98, 101, 102, 105, 106, 107, 108, 109, 110, 113, 114, 115, 116, 119, 120, 123, 124, 125, 126, 127, 128, 129, 130, 131, 132, 133, 134, 135, 138, 139, 142, 143, 144, 145, 146, 149, 150, 153, 154, 157, 158, 166, 167, 168, 169, 170, 171, 172, 173, 174, 175, 176, 178, 179, 190, 192, 194, 195, 197, 200, 201, 204, 205, 207, 211, 213, 214, 216, 218, 220, 221, 223, 225, 226, 228, 230, 231, 236, 239, 249, 250, 252], "excluded_lines": [], "functions": {"DirectoryConfig.from_project_root": {"executed_lines": [], "summary": {"covered_lines": 0, "num_statements": 1, "percent_covered": 0.0, "percent_covered_display": "0", "missing_lines": 1, "excluded_lines": 0}, "missing_lines": [37], "excluded_lines": []}, "Config.from_env": {"executed_lines": [], "summary": {"covered_lines": 0, "num_statements": 11, "percent_covered": 0.0, "percent_covered_display": "0", "missing_lines": 11, "excluded_lines": 0}, "missing_lines": [190, 192, 194, 195, 197, 200, 201, 204, 205, 207, 211], "excluded_lines": []}, "Config.default": {"executed_lines": [], "summary": {"covered_lines": 0, "num_statements": 1, "percent_covered": 0.0, "percent_covered_display": "0", "missing_lines": 1, "excluded_lines": 0}, "missing_lines": [216], "excluded_lines": []}, "Config.get_input_dir": {"executed_lines": [], "summary": {"covered_lines": 0, "num_statements": 2, "percent_covered": 0.0, "percent_covered_display": "0", "missing_lines": 2, "excluded_lines": 0}, "missing_lines": [220, 221], "excluded_lines": []}, "Config.get_output_path": {"executed_lines": [], "summary": {"covered_lines": 0, "num_statements": 2, "percent_covered": 0.0, "percent_covered_display": "0", "missing_lines": 2, "excluded_lines": 0}, "missing_lines": [225, 226], "excluded_lines": []}, "Config.ensure_directories": {"executed_lines": [], "summary": {"covered_lines": 0, "num_statements": 2, "percent_covered": 0.0, "percent_covered_display": "0", "missing_lines": 2, "excluded_lines": 0}, "missing_lines": [230, 231], "excluded_lines": []}, "get_config": {"executed_lines": [], "summary": {"covered_lines": 0, "num_statements": 3, "percent_covered": 0.0, "percent_covered_display": "0", "missing_lines": 3, "excluded_lines": 0}, "missing_lines": [249, 250, 252], "excluded_lines": []}, "": {"executed_lines": [], "summary": {"covered_lines": 0, "num_statements": 117, "percent_covered": 0.0, "percent_covered_display": "0", "missing_lines": 117, "excluded_lines": 0}, "missing_lines": [11, 12, 13, 14, 15, 18, 21, 22, 23, 26, 27, 30, 31, 32, 34, 35, 40, 41, 44, 45, 46, 47, 48, 49, 52, 53, 56, 57, 58, 59, 60, 63, 64, 67, 68, 69, 70, 71, 74, 75, 78, 79, 80, 81, 82, 83, 84, 85, 86, 87, 88, 91, 92, 95, 96, 97, 98, 101, 102, 105, 106, 107, 108, 109, 110, 113, 114, 115, 116, 119, 120, 123, 124, 125, 126, 127, 128, 129, 130, 131, 132, 133, 134, 135, 138, 139, 142, 143, 144, 145, 146, 149, 150, 153, 154, 157, 158, 166, 167, 168, 169, 170, 171, 172, 173, 174, 175, 176, 178, 179, 213, 214, 218, 223, 228, 236, 239], "excluded_lines": []}}, "classes": {"Environment": {"executed_lines": [], "summary": {"covered_lines": 0, "num_statements": 0, "percent_covered": 100.0, "percent_covered_display": "100", "missing_lines": 0, "excluded_lines": 0}, "missing_lines": [], "excluded_lines": []}, "DirectoryConfig": {"executed_lines": [], "summary": {"covered_lines": 0, "num_statements": 1, "percent_covered": 0.0, "percent_covered_display": "0", "missing_lines": 1, "excluded_lines": 0}, "missing_lines": [37], "excluded_lines": []}, "InputDirectories": {"executed_lines": [], "summary": {"covered_lines": 0, "num_statements": 0, "percent_covered": 100.0, "percent_covered_display": "100", "missing_lines": 0, "excluded_lines": 0}, "missing_lines": [], "excluded_lines": []}, "OutputFiles": {"executed_lines": [], "summary": {"covered_lines": 0, "num_statements": 0, "percent_covered": 100.0, "percent_covered_display": "100", "missing_lines": 0, "excluded_lines": 0}, "missing_lines": [], "excluded_lines": []}, "RecommendationParams": {"executed_lines": [], "summary": {"covered_lines": 0, "num_statements": 0, "percent_covered": 100.0, "percent_covered_display": "100", "missing_lines": 0, "excluded_lines": 0}, "missing_lines": [], "excluded_lines": []}, "MFParams": {"executed_lines": [], "summary": {"covered_lines": 0, "num_statements": 0, "percent_covered": 100.0, "percent_covered_display": "100", "missing_lines": 0, "excluded_lines": 0}, "missing_lines": [], "excluded_lines": []}, "DataPreprocessingParams": {"executed_lines": [], "summary": {"covered_lines": 0, "num_statements": 0, "percent_covered": 100.0, "percent_covered_display": "100", "missing_lines": 0, "excluded_lines": 0}, "missing_lines": [], "excluded_lines": []}, "OptunaParams": {"executed_lines": [], "summary": {"covered_lines": 0, "num_statements": 0, "percent_covered": 100.0, "percent_covered_display": "100", "missing_lines": 0, "excluded_lines": 0}, "missing_lines": [], "excluded_lines": []}, "EvaluationParams": {"executed_lines": [], "summary": {"covered_lines": 0, "num_statements": 0, "percent_covered": 100.0, "percent_covered_display": "100", "missing_lines": 0, "excluded_lines": 0}, "missing_lines": [], "excluded_lines": []}, "LoggingParams": {"executed_lines": [], "summary": {"covered_lines": 0, "num_statements": 0, "percent_covered": 100.0, "percent_covered_display": "100", "missing_lines": 0, "excluded_lines": 0}, "missing_lines": [], "excluded_lines": []}, "EncodingConfig": {"executed_lines": [], "summary": {"covered_lines": 0, "num_statements": 0, "percent_covered": 100.0, "percent_covered_display": "100", "missing_lines": 0, "excluded_lines": 0}, "missing_lines": [], "excluded_lines": []}, "Config": {"executed_lines": [], "summary": {"covered_lines": 0, "num_statements": 18, "percent_covered": 0.0, "percent_covered_display": "0", "missing_lines": 18, "excluded_lines": 0}, "missing_lines": [190, 192, 194, 195, 197, 200, 201, 204, 205, 207, 211, 216, 220, 221, 225, 226, 230, 231], "excluded_lines": []}, "": {"executed_lines": [], "summary": {"covered_lines": 0, "num_statements": 120, "percent_covered": 0.0, "percent_covered_display": "0", "missing_lines": 120, "excluded_lines": 0}, "missing_lines": [11, 12, 13, 14, 15, 18, 21, 22, 23, 26, 27, 30, 31, 32, 34, 35, 40, 41, 44, 45, 46, 47, 48, 49, 52, 53, 56, 57, 58, 59, 60, 63, 64, 67, 68, 69, 70, 71, 74, 75, 78, 79, 80, 81, 82, 83, 84, 85, 86, 87, 88, 91, 92, 95, 96, 97, 98, 101, 102, 105, 106, 107, 108, 109, 110, 113, 114, 115, 116, 119, 120, 123, 124, 125, 126, 127, 128, 129, 130, 131, 132, 133, 134, 135, 138, 139, 142, 143, 144, 145, 146, 149, 150, 153, 154, 157, 158, 166, 167, 168, 169, 170, 171, 172, 173, 174, 175, 176, 178, 179, 213, 214, 218, 223, 228, 236, 239, 249, 250, 252], "excluded_lines": []}}}, "skillnote_recommendation/core/data_loader.py": {"executed_lines": [1, 8, 9, 10, 11, 12, 13, 14, 17, 20, 21, 23, 30, 32, 33, 43, 44, 46, 56, 58, 59, 61, 62, 64, 66, 80, 82, 83, 85, 89, 91, 92, 95, 96, 98, 99, 100, 103, 104, 105, 107, 108, 109, 110, 112, 117, 118, 119, 120, 122, 124, 127, 129, 131, 138, 139, 140, 142, 144, 145, 146, 147, 150, 151, 152, 159, 160, 161, 163, 165, 167, 177, 178, 179, 182, 191, 193, 194, 195, 197, 198, 199, 201, 203, 204, 206, 208], "summary": {"covered_lines": 85, "num_statements": 86, "percent_covered": 98.83720930232558, "percent_covered_display": "99", "missing_lines": 1, "excluded_lines": 0}, "missing_lines": [86], "excluded_lines": [], "functions": {"DataLoader.__init__": {"executed_lines": [30], "summary": {"covered_lines": 1, "num_statements": 1, "percent_covered": 100.0, "percent_covered_display": "100", "missing_lines": 0, "excluded_lines": 0}, "missing_lines": [], "excluded_lines": []}, "DataLoader.clean_column_name": {"executed_lines": [43, 44], "summary": {"covered_lines": 2, "num_statements": 2, "percent_covered": 100.0, "percent_covered_display": "100", "missing_lines": 0, "excluded_lines": 0}, "missing_lines": [], "excluded_lines": []}, "DataLoader.load_csv": {"executed_lines": [56, 58, 59, 61, 62, 64], "summary": {"covered_lines": 6, "num_statements": 6, "percent_covered": 100.0, "percent_covered_display": "100", "missing_lines": 0, "excluded_lines": 0}, "missing_lines": [], "excluded_lines": []}, "DataLoader.load_csv_from_directory": {"executed_lines": [80, 82, 83, 85, 89, 91, 92, 95, 96, 98, 99, 100, 103, 104, 105, 107, 108, 109, 110, 112, 117, 118, 119, 120, 122, 124, 127, 129], "summary": {"covered_lines": 28, "num_statements": 29, "percent_covered": 96.55172413793103, "percent_covered_display": "97", "missing_lines": 1, "excluded_lines": 0}, "missing_lines": [86], "excluded_lines": []}, "DataLoader.load_all_data": {"executed_lines": [138, 139, 140, 142, 144, 145, 146, 147, 150, 151, 152, 159, 160, 161, 163, 165], "summary": {"covered_lines": 16, "num_statements": 16, "percent_covered": 100.0, "percent_covered_display": "100", "missing_lines": 0, "excluded_lines": 0}, "missing_lines": [], "excluded_lines": []}, "DataLoader.validate_data": {"executed_lines": [177, 178, 179, 182, 191, 193, 194, 195, 197, 198, 199, 201, 203, 204, 206, 208], "summary": {"covered_lines": 16, "num_statements": 16, "percent_covered": 100.0, "percent_covered_display": "100", "missing_lines": 0, "excluded_lines": 0}, "missing_lines": [], "excluded_lines": []}, "": {"executed_lines": [1, 8, 9, 10, 11, 12, 13, 14, 17, 20, 21, 23, 32, 33, 46, 66, 131, 167], "summary": {"covered_lines": 16, "num_statements": 16, "percent_covered": 100.0, "percent_covered_display": "100", "missing_lines": 0, "excluded_lines": 0}, "missing_lines": [], "excluded_lines": []}}, "classes": {"DataLoader": {"executed_lines": [30, 43, 44, 56, 58, 59, 61, 62, 64, 80, 82, 83, 85, 89, 91, 92, 95, 96, 98, 99, 100, 103, 104, 105, 107, 108, 109, 110, 112, 117, 118, 119, 120, 122, 124, 127, 129, 138, 139, 140, 142, 144, 145, 146, 147, 150, 151, 152, 159, 160, 161, 163, 165, 177, 178, 179, 182, 191, 193, 194, 195, 197, 198, 199, 201, 203, 204, 206, 208], "summary": {"covered_lines": 69, "num_statements": 70, "percent_covered": 98.57142857142857, "percent_covered_display": "99", "missing_lines": 1, "excluded_lines": 0}, "missing_lines": [86], "excluded_lines": []}, "": {"executed_lines": [1, 8, 9, 10, 11, 12, 13, 14, 17, 20, 21, 23, 32, 33, 46, 66, 131, 167], "summary": {"covered_lines": 16, "num_statements": 16, "percent_covered": 100.0, "percent_covered_display": "100", "missing_lines": 0, "excluded_lines": 0}, "missing_lines": [], "excluded_lines": []}}}, "skillnote_recommendation/core/data_quality.py": {"executed_lines": [], "summary": {"covered_lines": 0, "num_statements": 127, "percent_covered": 0.0, "percent_covered_display": "0", "missing_lines": 127, "excluded_lines": 0}, "missing_lines": [11, 12, 13, 14, 16, 17, 20, 27, 40, 42, 45, 48, 51, 54, 57, 60, 63, 66, 69, 70, 71, 73, 80, 82, 84, 85, 87, 88, 90, 91, 93, 94, 98, 100, 102, 103, 104, 105, 106, 108, 109, 111, 113, 115, 116, 117, 118, 120, 122, 126, 127, 129, 130, 131, 133, 134, 136, 138, 140, 142, 146, 147, 149, 150, 152, 153, 154, 155, 157, 158, 159, 161, 163, 165, 166, 167, 169, 170, 175, 180, 182, 183, 184, 186, 187, 188, 189, 192, 193, 196, 197, 202, 203, 205, 207, 208, 210, 211, 212, 214, 215, 216, 217, 218, 219, 221, 222, 223, 224, 225, 227, 241, 243, 246, 247, 248, 251, 252, 253, 256, 257, 258, 261, 262, 263, 265, 267], "excluded_lines": [], "functions": {"DataQualityChecker.validate_skill_matrix": {"executed_lines": [], "summary": {"covered_lines": 0, "num_statements": 15, "percent_covered": 0.0, "percent_covered_display": "0", "missing_lines": 15, "excluded_lines": 0}, "missing_lines": [40, 42, 45, 48, 51, 54, 57, 60, 63, 66, 69, 70, 71, 73, 80], "excluded_lines": []}, "DataQualityChecker._check_shape": {"executed_lines": [], "summary": {"covered_lines": 0, "num_statements": 8, "percent_covered": 0.0, "percent_covered_display": "0", "missing_lines": 8, "excluded_lines": 0}, "missing_lines": [84, 85, 87, 88, 90, 91, 93, 94], "excluded_lines": []}, "DataQualityChecker._check_missing_values": {"executed_lines": [], "summary": {"covered_lines": 0, "num_statements": 8, "percent_covered": 0.0, "percent_covered_display": "0", "missing_lines": 8, "excluded_lines": 0}, "missing_lines": [100, 102, 103, 104, 105, 106, 108, 109], "excluded_lines": []}, "DataQualityChecker._check_infinite_values": {"executed_lines": [], "summary": {"covered_lines": 0, "num_statements": 6, "percent_covered": 0.0, "percent_covered_display": "0", "missing_lines": 6, "excluded_lines": 0}, "missing_lines": [113, 115, 116, 117, 118, 120], "excluded_lines": []}, "DataQualityChecker._check_negative_values": {"executed_lines": [], "summary": {"covered_lines": 0, "num_statements": 10, "percent_covered": 0.0, "percent_covered_display": "0", "missing_lines": 10, "excluded_lines": 0}, "missing_lines": [126, 127, 129, 130, 131, 133, 134, 136, 138, 140], "excluded_lines": []}, "DataQualityChecker._check_sparsity": {"executed_lines": [], "summary": {"covered_lines": 0, "num_statements": 11, "percent_covered": 0.0, "percent_covered_display": "0", "missing_lines": 11, "excluded_lines": 0}, "missing_lines": [146, 147, 149, 150, 152, 153, 154, 155, 157, 158, 159], "excluded_lines": []}, "DataQualityChecker._check_dtypes": {"executed_lines": [], "summary": {"covered_lines": 0, "num_statements": 6, "percent_covered": 0.0, "percent_covered_display": "0", "missing_lines": 6, "excluded_lines": 0}, "missing_lines": [163, 165, 166, 167, 169, 170], "excluded_lines": []}, "DataQualityChecker._check_distribution": {"executed_lines": [], "summary": {"covered_lines": 0, "num_statements": 14, "percent_covered": 0.0, "percent_covered_display": "0", "missing_lines": 14, "excluded_lines": 0}, "missing_lines": [180, 182, 183, 184, 186, 187, 188, 189, 192, 193, 196, 197, 202, 203], "excluded_lines": []}, "DataQualityChecker._calculate_statistics": {"executed_lines": [], "summary": {"covered_lines": 0, "num_statements": 16, "percent_covered": 0.0, "percent_covered_display": "0", "missing_lines": 16, "excluded_lines": 0}, "missing_lines": [207, 208, 210, 211, 212, 214, 215, 216, 217, 218, 219, 221, 222, 223, 224, 225], "excluded_lines": []}, "DataQualityChecker.validate_dataframe": {"executed_lines": [], "summary": {"covered_lines": 0, "num_statements": 16, "percent_covered": 0.0, "percent_covered_display": "0", "missing_lines": 16, "excluded_lines": 0}, "missing_lines": [241, 243, 246, 247, 248, 251, 252, 253, 256, 257, 258, 261, 262, 263, 265, 267], "excluded_lines": []}, "": {"executed_lines": [], "summary": {"covered_lines": 0, "num_statements": 17, "percent_covered": 0.0, "percent_covered_display": "0", "missing_lines": 17, "excluded_lines": 0}, "missing_lines": [11, 12, 13, 14, 16, 17, 20, 27, 82, 98, 111, 122, 142, 161, 175, 205, 227], "excluded_lines": []}}, "classes": {"DataQualityChecker": {"executed_lines": [], "summary": {"covered_lines": 0, "num_statements": 110, "percent_covered": 0.0, "percent_covered_display": "0", "missing_lines": 110, "excluded_lines": 0}, "missing_lines": [40, 42, 45, 48, 51, 54, 57, 60, 63, 66, 69, 70, 71, 73, 80, 84, 85, 87, 88, 90, 91, 93, 94, 100, 102, 103, 104, 105, 106, 108, 109, 113, 115, 116, 117, 118, 120, 126, 127, 129, 130, 131, 133, 134, 136, 138, 140, 146, 147, 149, 150, 152, 153, 154, 155, 157, 158, 159, 163, 165, 166, 167, 169, 170, 180, 182, 183, 184, 186, 187, 188, 189, 192, 193, 196, 197, 202, 203, 207, 208, 210, 211, 212, 214, 215, 216, 217, 218, 219, 221, 222, 223, 224, 225, 241, 243, 246, 247, 248, 251, 252, 253, 256, 257, 258, 261, 262, 263, 265, 267], "excluded_lines": []}, "": {"executed_lines": [], "summary": {"covered_lines": 0, "num_statements": 17, "percent_covered": 0.0, "percent_covered_display": "0", "missing_lines": 17, "excluded_lines": 0}, "missing_lines": [11, 12, 13, 14, 16, 17, 20, 27, 82, 98, 111, 122, 142, 161, 175, 205, 227], "excluded_lines": []}}}, "skillnote_recommendation/core/data_quality_monitor.py": {"executed_lines": [1, 11, 12, 13, 14, 15, 17, 18, 20, 23, 24, 26, 27, 28, 29, 32, 33, 34, 36, 37, 38, 39, 40, 41, 42, 45, 46, 47, 49, 50, 51, 52, 53, 54, 56, 58, 60, 62, 67, 68, 74, 90, 91, 92, 93, 95, 112, 113, 114, 116, 119, 120, 121, 122, 125, 126, 127, 128, 131, 132, 133, 134, 137, 138, 139, 140, 143, 144, 145, 146, 149, 151, 152, 153, 154, 155, 156, 157, 159, 161, 171, 174, 175, 176, 177, 190, 193, 194, 196, 197, 198, 199, 200, 203, 204, 206, 228, 229, 230, 241, 243, 256, 259, 260, 263, 266, 268, 269, 288, 289, 293, 294, 308, 309, 311, 313, 315, 316, 332, 333, 334, 336, 338, 348, 351, 352, 353, 356, 357, 359, 360, 361, 363, 382, 383, 384, 386, 387, 401, 403, 413, 415, 416, 426, 429, 432, 433, 434, 448, 449, 451, 452, 453, 455, 456, 457, 459, 461, 483, 484, 485, 497, 499, 509, 511, 512, 515, 516, 517, 519, 523, 525, 526, 528, 529, 532, 533, 534, 536, 541, 542, 551, 553, 554, 574, 576, 578, 580, 581, 582, 584, 585, 586, 590, 591, 600, 602, 606, 608, 609, 611, 612, 613, 615, 617, 618, 620, 621, 623, 624, 626, 628, 629, 631, 632, 635, 636, 646, 647, 662, 664, 668, 669, 670, 671, 672, 674, 683], "summary": {"covered_lines": 223, "num_statements": 224, "percent_covered": 99.55357142857143, "percent_covered_display": "99", "missing_lines": 1, "excluded_lines": 0}, "missing_lines": [520], "excluded_lines": [], "functions": {"DataQualityReport.get_critical_issues": {"executed_lines": [58], "summary": {"covered_lines": 1, "num_statements": 1, "percent_covered": 100.0, "percent_covered_display": "100", "missing_lines": 0, "excluded_lines": 0}, "missing_lines": [], "excluded_lines": []}, "DataQualityReport.get_high_issues": {"executed_lines": [62], "summary": {"covered_lines": 1, "num_statements": 1, "percent_covered": 100.0, "percent_covered_display": "100", "missing_lines": 0, "excluded_lines": 0}, "missing_lines": [], "excluded_lines": []}, "DataQualityMonitor.__init__": {"executed_lines": [90, 91, 92, 93], "summary": {"covered_lines": 4, "num_statements": 4, "percent_covered": 100.0, "percent_covered_display": "100", "missing_lines": 0, "excluded_lines": 0}, "missing_lines": [], "excluded_lines": []}, "DataQualityMonitor.check_all": {"executed_lines": [112, 113, 114, 116, 119, 120, 121, 122, 125, 126, 127, 128, 131, 132, 133, 134, 137, 138, 139, 140, 143, 144, 145, 146, 149, 151, 152, 153, 154, 155, 156, 157, 159], "summary": {"covered_lines": 33, "num_statements": 33, "percent_covered": 100.0, "percent_covered_display": "100", "missing_lines": 0, "excluded_lines": 0}, "missing_lines": [], "excluded_lines": []}, "DataQualityMonitor.check_completeness": {"executed_lines": [171, 174, 175, 176, 177, 190, 193, 194, 196, 197, 198, 199, 200, 203, 204, 206, 228, 229, 230, 241], "summary": {"covered_lines": 20, "num_statements": 20, "percent_covered": 100.0, "percent_covered_display": "100", "missing_lines": 0, "excluded_lines": 0}, "missing_lines": [], "excluded_lines": []}, "DataQualityMonitor.check_consistency": {"executed_lines": [256, 259, 260, 263, 266, 268, 269, 288, 289, 293, 294, 308, 309, 311, 313, 315, 316, 332, 333, 334, 336], "summary": {"covered_lines": 21, "num_statements": 21, "percent_covered": 100.0, "percent_covered_display": "100", "missing_lines": 0, "excluded_lines": 0}, "missing_lines": [], "excluded_lines": []}, "DataQualityMonitor.check_duplicates": {"executed_lines": [348, 351, 352, 353, 356, 357, 359, 360, 361, 363, 382, 383, 384, 386, 387, 401], "summary": {"covered_lines": 16, "num_statements": 16, "percent_covered": 100.0, "percent_covered_display": "100", "missing_lines": 0, "excluded_lines": 0}, "missing_lines": [], "excluded_lines": []}, "DataQualityMonitor.check_timeliness": {"executed_lines": [413, 415, 416, 426, 429, 432, 433, 434, 448, 449, 451, 452, 453, 455, 456, 457, 459, 461, 483, 484, 485, 497], "summary": {"covered_lines": 22, "num_statements": 22, "percent_covered": 100.0, "percent_covered_display": "100", "missing_lines": 0, "excluded_lines": 0}, "missing_lines": [], "excluded_lines": []}, "DataQualityMonitor.check_rapid_acquisition": {"executed_lines": [509, 511, 512, 515, 516, 517, 519, 523, 525, 526, 528, 529, 532, 533, 534, 536, 541, 542, 551, 553, 554, 574], "summary": {"covered_lines": 22, "num_statements": 23, "percent_covered": 95.65217391304348, "percent_covered_display": "96", "missing_lines": 1, "excluded_lines": 0}, "missing_lines": [520], "excluded_lines": []}, "DataQualityMonitor._check_prerequisite_violations": {"executed_lines": [578, 580, 581, 582, 584, 585, 586, 590, 591, 600], "summary": {"covered_lines": 10, "num_statements": 10, "percent_covered": 100.0, "percent_covered_display": "100", "missing_lines": 0, "excluded_lines": 0}, "missing_lines": [], "excluded_lines": []}, "DataQualityMonitor._check_temporal_consistency": {"executed_lines": [606, 608, 609, 611, 612, 613, 615, 617, 618, 620, 621, 623, 624, 626, 628, 629, 631, 632, 635, 636, 646, 647, 662], "summary": {"covered_lines": 23, "num_statements": 23, "percent_covered": 100.0, "percent_covered_display": "100", "missing_lines": 0, "excluded_lines": 0}, "missing_lines": [], "excluded_lines": []}, "DataQualityMonitor._generate_report": {"executed_lines": [668, 669, 670, 671, 672, 674, 683], "summary": {"covered_lines": 7, "num_statements": 7, "percent_covered": 100.0, "percent_covered_display": "100", "missing_lines": 0, "excluded_lines": 0}, "missing_lines": [], "excluded_lines": []}, "": {"executed_lines": [1, 11, 12, 13, 14, 15, 17, 18, 20, 23, 24, 26, 27, 28, 29, 32, 33, 34, 36, 37, 38, 39, 40, 41, 42, 45, 46, 47, 49, 50, 51, 52, 53, 54, 56, 60, 67, 68, 74, 95, 161, 243, 338, 403, 499, 576, 602, 664], "summary": {"covered_lines": 43, "num_statements": 43, "percent_covered": 100.0, "percent_covered_display": "100", "missing_lines": 0, "excluded_lines": 0}, "missing_lines": [], "excluded_lines": []}}, "classes": {"Severity": {"executed_lines": [], "summary": {"covered_lines": 0, "num_statements": 0, "percent_covered": 100.0, "percent_covered_display": "100", "missing_lines": 0, "excluded_lines": 0}, "missing_lines": [], "excluded_lines": []}, "DataQualityIssue": {"executed_lines": [], "summary": {"covered_lines": 0, "num_statements": 0, "percent_covered": 100.0, "percent_covered_display": "100", "missing_lines": 0, "excluded_lines": 0}, "missing_lines": [], "excluded_lines": []}, "DataQualityReport": {"executed_lines": [58, 62], "summary": {"covered_lines": 2, "num_statements": 2, "percent_covered": 100.0, "percent_covered_display": "100", "missing_lines": 0, "excluded_lines": 0}, "missing_lines": [], "excluded_lines": []}, "DataQualityMonitor": {"executed_lines": [90, 91, 92, 93, 112, 113, 114, 116, 119, 120, 121, 122, 125, 126, 127, 128, 131, 132, 133, 134, 137, 138, 139, 140, 143, 144, 145, 146, 149, 151, 152, 153, 154, 155, 156, 157, 159, 171, 174, 175, 176, 177, 190, 193, 194, 196, 197, 198, 199, 200, 203, 204, 206, 228, 229, 230, 241, 256, 259, 260, 263, 266, 268, 269, 288, 289, 293, 294, 308, 309, 311, 313, 315, 316, 332, 333, 334, 336, 348, 351, 352, 353, 356, 357, 359, 360, 361, 363, 382, 383, 384, 386, 387, 401, 413, 415, 416, 426, 429, 432, 433, 434, 448, 449, 451, 452, 453, 455, 456, 457, 459, 461, 483, 484, 485, 497, 509, 511, 512, 515, 516, 517, 519, 523, 525, 526, 528, 529, 532, 533, 534, 536, 541, 542, 551, 553, 554, 574, 578, 580, 581, 582, 584, 585, 586, 590, 591, 600, 606, 608, 609, 611, 612, 613, 615, 617, 618, 620, 621, 623, 624, 626, 628, 629, 631, 632, 635, 636, 646, 647, 662, 668, 669, 670, 671, 672, 674, 683], "summary": {"covered_lines": 178, "num_statements": 179, "percent_covered": 99.44134078212291, "percent_covered_display": "99", "missing_lines": 1, "excluded_lines": 0}, "missing_lines": [520], "excluded_lines": []}, "": {"executed_lines": [1, 11, 12, 13, 14, 15, 17, 18, 20, 23, 24, 26, 27, 28, 29, 32, 33, 34, 36, 37, 38, 39, 40, 41, 42, 45, 46, 47, 49, 50, 51, 52, 53, 54, 56, 60, 67, 68, 74, 95, 161, 243, 338, 403, 499, 576, 602, 664], "summary": {"covered_lines": 43, "num_statements": 43, "percent_covered": 100.0, "percent_covered_display": "100", "missing_lines": 0, "excluded_lines": 0}, "missing_lines": [], "excluded_lines": []}}}, "skillnote_recommendation/core/data_transformer.py": {"executed_lines": [1, 7, 8, 9, 10, 12, 13, 14, 15, 18, 21, 22, 29, 31, 32, 33, 35, 36, 47, 48, 49, 50, 52, 53, 64, 65, 66, 67, 68, 70, 71, 72, 73, 77, 87, 88, 89, 93, 95, 96, 98, 99, 100, 101, 103, 104, 105, 106, 107, 108, 109, 110, 111, 112, 113, 114, 116, 117, 118, 120, 121, 122, 124, 125, 126, 128, 129, 130, 133, 136, 141, 142, 146, 147, 150, 154, 159, 161, 171, 173, 174, 175, 176, 177, 178, 179, 180, 182, 184, 197, 198, 199, 202, 203, 204, 205, 208, 209, 210, 211, 214, 215, 217, 219, 221, 224, 227, 228, 229, 230, 231, 234, 235, 238, 241, 242, 243, 245, 248, 253, 254, 256, 261, 262, 263, 266, 267, 268, 269, 274, 275, 276, 283, 287, 289, 310, 316, 317, 318, 319, 321, 322, 323, 324, 325, 326, 327, 329, 337, 340, 346, 348, 350, 360, 361, 362, 365, 370, 371, 372, 379, 383, 389, 391, 401, 404, 405, 407, 411, 416, 417, 419, 425, 439, 440, 441, 442, 443, 445, 448, 449, 450, 451, 452, 453, 455, 457], "summary": {"covered_lines": 185, "num_statements": 205, "percent_covered": 90.2439024390244, "percent_covered_display": "90", "missing_lines": 20, "excluded_lines": 0}, "missing_lines": [75, 216, 218, 220, 222, 225, 246, 277, 278, 290, 291, 292, 296, 307, 366, 367, 373, 374, 375, 408], "excluded_lines": [], "functions": {"DataTransformer.__init__": {"executed_lines": [31, 32, 33], "summary": {"covered_lines": 3, "num_statements": 3, "percent_covered": 100.0, "percent_covered_display": "100", "missing_lines": 0, "excluded_lines": 0}, "missing_lines": [], "excluded_lines": []}, "DataTransformer.find_column": {"executed_lines": [47, 48, 49, 50], "summary": {"covered_lines": 4, "num_statements": 4, "percent_covered": 100.0, "percent_covered_display": "100", "missing_lines": 0, "excluded_lines": 0}, "missing_lines": [], "excluded_lines": []}, "DataTransformer.normalize_level": {"executed_lines": [64, 65, 66, 67, 68, 70, 71, 72, 73], "summary": {"covered_lines": 9, "num_statements": 10, "percent_covered": 90.0, "percent_covered_display": "90", "missing_lines": 1, "excluded_lines": 0}, "missing_lines": [75], "excluded_lines": []}, "DataTransformer.create_competence_master": {"executed_lines": [87, 88, 89, 93, 120, 121, 122, 124, 125, 126, 128, 129, 130, 133, 136, 141, 142, 146, 147, 150, 154, 159], "summary": {"covered_lines": 22, "num_statements": 22, "percent_covered": 100.0, "percent_covered_display": "100", "missing_lines": 0, "excluded_lines": 0}, "missing_lines": [], "excluded_lines": []}, "DataTransformer.create_competence_master.extract_competence_cols": {"executed_lines": [95, 96, 98, 99, 100, 101, 103, 104, 105, 106, 107, 108, 109, 110, 111, 112, 113, 114, 116, 117, 118], "summary": {"covered_lines": 21, "num_statements": 21, "percent_covered": 100.0, "percent_covered_display": "100", "missing_lines": 0, "excluded_lines": 0}, "missing_lines": [], "excluded_lines": []}, "DataTransformer._create_category_names": {"executed_lines": [171, 173, 174, 175, 176, 177, 178, 179, 180, 182], "summary": {"covered_lines": 10, "num_statements": 10, "percent_covered": 100.0, "percent_covered_display": "100", "missing_lines": 0, "excluded_lines": 0}, "missing_lines": [], "excluded_lines": []}, "DataTransformer.create_member_competence": {"executed_lines": [197, 198, 199, 202, 203, 204, 205, 208, 209, 210, 211, 214, 215, 217, 219, 221, 224, 227, 228, 229, 230, 231, 234, 235, 238, 241, 242, 243, 245, 248, 253, 254, 256, 261, 262, 263, 266, 267, 268, 269, 274, 275, 276, 283, 287, 289, 310, 316, 317, 318, 319, 321, 322, 323, 324, 325, 326, 327, 329, 337, 340, 346, 348], "summary": {"covered_lines": 63, "num_statements": 76, "percent_covered": 82.89473684210526, "percent_covered_display": "83", "missing_lines": 13, "excluded_lines": 0}, "missing_lines": [216, 218, 220, 222, 225, 246, 277, 278, 290, 291, 292, 296, 307], "excluded_lines": []}, "DataTransformer.create_skill_matrix": {"executed_lines": [360, 361, 362, 365, 370, 371, 372, 379, 383, 389], "summary": {"covered_lines": 10, "num_statements": 15, "percent_covered": 66.66666666666667, "percent_covered_display": "67", "missing_lines": 5, "excluded_lines": 0}, "missing_lines": [366, 367, 373, 374, 375], "excluded_lines": []}, "DataTransformer.clean_members_data": {"executed_lines": [401, 404, 405, 407, 411, 416, 417, 419, 425, 439, 440, 441, 442, 443, 445, 448, 449, 450, 451, 452, 453, 455, 457], "summary": {"covered_lines": 23, "num_statements": 24, "percent_covered": 95.83333333333333, "percent_covered_display": "96", "missing_lines": 1, "excluded_lines": 0}, "missing_lines": [408], "excluded_lines": []}, "": {"executed_lines": [1, 7, 8, 9, 10, 12, 13, 14, 15, 18, 21, 22, 29, 35, 36, 52, 53, 77, 161, 184, 350, 391], "summary": {"covered_lines": 20, "num_statements": 20, "percent_covered": 100.0, "percent_covered_display": "100", "missing_lines": 0, "excluded_lines": 0}, "missing_lines": [], "excluded_lines": []}}, "classes": {"DataTransformer": {"executed_lines": [31, 32, 33, 47, 48, 49, 50, 64, 65, 66, 67, 68, 70, 71, 72, 73, 87, 88, 89, 93, 95, 96, 98, 99, 100, 101, 103, 104, 105, 106, 107, 108, 109, 110, 111, 112, 113, 114, 116, 117, 118, 120, 121, 122, 124, 125, 126, 128, 129, 130, 133, 136, 141, 142, 146, 147, 150, 154, 159, 171, 173, 174, 175, 176, 177, 178, 179, 180, 182, 197, 198, 199, 202, 203, 204, 205, 208, 209, 210, 211, 214, 215, 217, 219, 221, 224, 227, 228, 229, 230, 231, 234, 235, 238, 241, 242, 243, 245, 248, 253, 254, 256, 261, 262, 263, 266, 267, 268, 269, 274, 275, 276, 283, 287, 289, 310, 316, 317, 318, 319, 321, 322, 323, 324, 325, 326, 327, 329, 337, 340, 346, 348, 360, 361, 362, 365, 370, 371, 372, 379, 383, 389, 401, 404, 405, 407, 411, 416, 417, 419, 425, 439, 440, 441, 442, 443, 445, 448, 449, 450, 451, 452, 453, 455, 457], "summary": {"covered_lines": 165, "num_statements": 185, "percent_covered": 89.1891891891892, "percent_covered_display": "89", "missing_lines": 20, "excluded_lines": 0}, "missing_lines": [75, 216, 218, 220, 222, 225, 246, 277, 278, 290, 291, 292, 296, 307, 366, 367, 373, 374, 375, 408], "excluded_lines": []}, "": {"executed_lines": [1, 7, 8, 9, 10, 12, 13, 14, 15, 18, 21, 22, 29, 35, 36, 52, 53, 77, 161, 184, 350, 391], "summary": {"covered_lines": 20, "num_statements": 20, "percent_covered": 100.0, "percent_covered_display": "100", "missing_lines": 0, "excluded_lines": 0}, "missing_lines": [], "excluded_lines": []}}}, "skillnote_recommendation/core/error_handlers.py": {"executed_lines": [1, 9, 10, 11, 12, 13, 15, 18, 19, 21, 24, 25, 27, 30, 31, 33, 36, 37, 44, 45, 65, 66, 101, 102, 138, 139, 166, 167, 198, 199, 206, 207, 254, 255], "summary": {"covered_lines": 28, "num_statements": 84, "percent_covered": 33.333333333333336, "percent_covered_display": "33", "missing_lines": 56, "excluded_lines": 0}, "missing_lines": [60, 61, 63, 87, 88, 90, 91, 92, 94, 95, 96, 97, 99, 127, 130, 131, 134, 135, 136, 155, 156, 157, 158, 159, 160, 161, 162, 164, 190, 191, 192, 193, 194, 195, 227, 229, 230, 231, 232, 234, 235, 236, 237, 238, 239, 240, 245, 246, 248, 250, 252, 276, 277, 278, 279, 280], "excluded_lines": [], "functions": {"ErrorHandler.log_error": {"executed_lines": [], "summary": {"covered_lines": 0, "num_statements": 3, "percent_covered": 0.0, "percent_covered_display": "0", "missing_lines": 3, "excluded_lines": 0}, "missing_lines": [60, 61, 63], "excluded_lines": []}, "ErrorHandler.format_user_message": {"executed_lines": [], "summary": {"covered_lines": 0, "num_statements": 10, "percent_covered": 0.0, "percent_covered_display": "0", "missing_lines": 10, "excluded_lines": 0}, "missing_lines": [87, 88, 90, 91, 92, 94, 95, 96, 97, 99], "excluded_lines": []}, "ErrorHandler.display_streamlit_error": {"executed_lines": [], "summary": {"covered_lines": 0, "num_statements": 6, "percent_covered": 0.0, "percent_covered_display": "0", "missing_lines": 6, "excluded_lines": 0}, "missing_lines": [127, 130, 131, 134, 135, 136], "excluded_lines": []}, "ErrorHandler.handle_data_processing_error": {"executed_lines": [], "summary": {"covered_lines": 0, "num_statements": 3, "percent_covered": 0.0, "percent_covered_display": "0", "missing_lines": 3, "excluded_lines": 0}, "missing_lines": [155, 156, 164], "excluded_lines": []}, "ErrorHandler.handle_data_processing_error.wrapper": {"executed_lines": [], "summary": {"covered_lines": 0, "num_statements": 6, "percent_covered": 0.0, "percent_covered_display": "0", "missing_lines": 6, "excluded_lines": 0}, "missing_lines": [157, 158, 159, 160, 161, 162], "excluded_lines": []}, "ErrorHandler.safe_execute": {"executed_lines": [], "summary": {"covered_lines": 0, "num_statements": 6, "percent_covered": 0.0, "percent_covered_display": "0", "missing_lines": 6, "excluded_lines": 0}, "missing_lines": [190, 191, 192, 193, 194, 195], "excluded_lines": []}, "ErrorRecovery.retry_on_failure": {"executed_lines": [], "summary": {"covered_lines": 0, "num_statements": 4, "percent_covered": 0.0, "percent_covered_display": "0", "missing_lines": 4, "excluded_lines": 0}, "missing_lines": [227, 229, 230, 252], "excluded_lines": []}, "ErrorRecovery.retry_on_failure.wrapper": {"executed_lines": [], "summary": {"covered_lines": 0, "num_statements": 13, "percent_covered": 0.0, "percent_covered_display": "0", "missing_lines": 13, "excluded_lines": 0}, "missing_lines": [231, 232, 234, 235, 236, 237, 238, 239, 240, 245, 246, 248, 250], "excluded_lines": []}, "ErrorRecovery.with_fallback": {"executed_lines": [], "summary": {"covered_lines": 0, "num_statements": 5, "percent_covered": 0.0, "percent_covered_display": "0", "missing_lines": 5, "excluded_lines": 0}, "missing_lines": [276, 277, 278, 279, 280], "excluded_lines": []}, "": {"executed_lines": [1, 9, 10, 11, 12, 13, 15, 18, 19, 21, 24, 25, 27, 30, 31, 33, 36, 37, 44, 45, 65, 66, 101, 102, 138, 139, 166, 167, 198, 199, 206, 207, 254, 255], "summary": {"covered_lines": 28, "num_statements": 28, "percent_covered": 100.0, "percent_covered_display": "100", "missing_lines": 0, "excluded_lines": 0}, "missing_lines": [], "excluded_lines": []}}, "classes": {"DataProcessingError": {"executed_lines": [], "summary": {"covered_lines": 0, "num_statements": 0, "percent_covered": 100.0, "percent_covered_display": "100", "missing_lines": 0, "excluded_lines": 0}, "missing_lines": [], "excluded_lines": []}, "ModelTrainingError": {"executed_lines": [], "summary": {"covered_lines": 0, "num_statements": 0, "percent_covered": 100.0, "percent_covered_display": "100", "missing_lines": 0, "excluded_lines": 0}, "missing_lines": [], "excluded_lines": []}, "RecommendationError": {"executed_lines": [], "summary": {"covered_lines": 0, "num_statements": 0, "percent_covered": 100.0, "percent_covered_display": "100", "missing_lines": 0, "excluded_lines": 0}, "missing_lines": [], "excluded_lines": []}, "ErrorHandler": {"executed_lines": [], "summary": {"covered_lines": 0, "num_statements": 34, "percent_covered": 0.0, "percent_covered_display": "0", "missing_lines": 34, "excluded_lines": 0}, "missing_lines": [60, 61, 63, 87, 88, 90, 91, 92, 94, 95, 96, 97, 99, 127, 130, 131, 134, 135, 136, 155, 156, 157, 158, 159, 160, 161, 162, 164, 190, 191, 192, 193, 194, 195], "excluded_lines": []}, "ErrorRecovery": {"executed_lines": [], "summary": {"covered_lines": 0, "num_statements": 22, "percent_covered": 0.0, "percent_covered_display": "0", "missing_lines": 22, "excluded_lines": 0}, "missing_lines": [227, 229, 230, 231, 232, 234, 235, 236, 237, 238, 239, 240, 245, 246, 248, 250, 252, 276, 277, 278, 279, 280], "excluded_lines": []}, "": {"executed_lines": [1, 9, 10, 11, 12, 13, 15, 18, 19, 21, 24, 25, 27, 30, 31, 33, 36, 37, 44, 45, 65, 66, 101, 102, 138, 139, 166, 167, 198, 199, 206, 207, 254, 255], "summary": {"covered_lines": 28, "num_statements": 28, "percent_covered": 100.0, "percent_covered_display": "100", "missing_lines": 0, "excluded_lines": 0}, "missing_lines": [], "excluded_lines": []}}}, "skillnote_recommendation/core/errors.py": {"executed_lines": [], "summary": {"covered_lines": 0, "num_statements": 67, "percent_covered": 0.0, "percent_covered_display": "0", "missing_lines": 67, "excluded_lines": 0}, "missing_lines": [10, 11, 14, 18, 19, 20, 21, 24, 25, 26, 27, 30, 31, 32, 35, 36, 37, 40, 41, 42, 45, 52, 60, 61, 62, 63, 64, 66, 68, 81, 84, 85, 95, 98, 99, 102, 105, 106, 120, 123, 124, 133, 136, 137, 146, 149, 150, 158, 165, 166, 176, 179, 180, 190, 193, 194, 202, 205, 206, 215, 218, 219, 227, 230, 231, 239, 246], "excluded_lines": [], "functions": {"RecommendationError.__init__": {"executed_lines": [], "summary": {"covered_lines": 0, "num_statements": 5, "percent_covered": 0.0, "percent_covered_display": "0", "missing_lines": 5, "excluded_lines": 0}, "missing_lines": [60, 61, 62, 63, 64], "excluded_lines": []}, "RecommendationError.to_dict": {"executed_lines": [], "summary": {"covered_lines": 0, "num_statements": 1, "percent_covered": 0.0, "percent_covered_display": "0", "missing_lines": 1, "excluded_lines": 0}, "missing_lines": [68], "excluded_lines": []}, "DataNotFoundError.__init__": {"executed_lines": [], "summary": {"covered_lines": 0, "num_statements": 1, "percent_covered": 0.0, "percent_covered_display": "0", "missing_lines": 1, "excluded_lines": 0}, "missing_lines": [85], "excluded_lines": []}, "DataInvalidError.__init__": {"executed_lines": [], "summary": {"covered_lines": 0, "num_statements": 1, "percent_covered": 0.0, "percent_covered_display": "0", "missing_lines": 1, "excluded_lines": 0}, "missing_lines": [99], "excluded_lines": []}, "DataQualityError.__init__": {"executed_lines": [], "summary": {"covered_lines": 0, "num_statements": 1, "percent_covered": 0.0, "percent_covered_display": "0", "missing_lines": 1, "excluded_lines": 0}, "missing_lines": [106], "excluded_lines": []}, "ModelNotTrainedError.__init__": {"executed_lines": [], "summary": {"covered_lines": 0, "num_statements": 1, "percent_covered": 0.0, "percent_covered_display": "0", "missing_lines": 1, "excluded_lines": 0}, "missing_lines": [124], "excluded_lines": []}, "ModelLoadError.__init__": {"executed_lines": [], "summary": {"covered_lines": 0, "num_statements": 1, "percent_covered": 0.0, "percent_covered_display": "0", "missing_lines": 1, "excluded_lines": 0}, "missing_lines": [137], "excluded_lines": []}, "ModelPredictionError.__init__": {"executed_lines": [], "summary": {"covered_lines": 0, "num_statements": 1, "percent_covered": 0.0, "percent_covered_display": "0", "missing_lines": 1, "excluded_lines": 0}, "missing_lines": [150], "excluded_lines": []}, "ColdStartError.__init__": {"executed_lines": [], "summary": {"covered_lines": 0, "num_statements": 1, "percent_covered": 0.0, "percent_covered_display": "0", "missing_lines": 1, "excluded_lines": 0}, "missing_lines": [166], "excluded_lines": []}, "InvalidParameterError.__init__": {"executed_lines": [], "summary": {"covered_lines": 0, "num_statements": 1, "percent_covered": 0.0, "percent_covered_display": "0", "missing_lines": 1, "excluded_lines": 0}, "missing_lines": [180], "excluded_lines": []}, "RecommendationFailedError.__init__": {"executed_lines": [], "summary": {"covered_lines": 0, "num_statements": 1, "percent_covered": 0.0, "percent_covered_display": "0", "missing_lines": 1, "excluded_lines": 0}, "missing_lines": [194], "excluded_lines": []}, "ExternalServiceError.__init__": {"executed_lines": [], "summary": {"covered_lines": 0, "num_statements": 1, "percent_covered": 0.0, "percent_covered_display": "0", "missing_lines": 1, "excluded_lines": 0}, "missing_lines": [206], "excluded_lines": []}, "NetworkError.__init__": {"executed_lines": [], "summary": {"covered_lines": 0, "num_statements": 1, "percent_covered": 0.0, "percent_covered_display": "0", "missing_lines": 1, "excluded_lines": 0}, "missing_lines": [219], "excluded_lines": []}, "ConfigurationError.__init__": {"executed_lines": [], "summary": {"covered_lines": 0, "num_statements": 1, "percent_covered": 0.0, "percent_covered_display": "0", "missing_lines": 1, "excluded_lines": 0}, "missing_lines": [231], "excluded_lines": []}, "": {"executed_lines": [], "summary": {"covered_lines": 0, "num_statements": 49, "percent_covered": 0.0, "percent_covered_display": "0", "missing_lines": 49, "excluded_lines": 0}, "missing_lines": [10, 11, 14, 18, 19, 20, 21, 24, 25, 26, 27, 30, 31, 32, 35, 36, 37, 40, 41, 42, 45, 52, 66, 81, 84, 95, 98, 102, 105, 120, 123, 133, 136, 146, 149, 158, 165, 176, 179, 190, 193, 202, 205, 215, 218, 227, 230, 239, 246], "excluded_lines": []}}, "classes": {"ErrorCode": {"executed_lines": [], "summary": {"covered_lines": 0, "num_statements": 0, "percent_covered": 100.0, "percent_covered_display": "100", "missing_lines": 0, "excluded_lines": 0}, "missing_lines": [], "excluded_lines": []}, "RecommendationError": {"executed_lines": [], "summary": {"covered_lines": 0, "num_statements": 6, "percent_covered": 0.0, "percent_covered_display": "0", "missing_lines": 6, "excluded_lines": 0}, "missing_lines": [60, 61, 62, 63, 64, 68], "excluded_lines": []}, "DataNotFoundError": {"executed_lines": [], "summary": {"covered_lines": 0, "num_statements": 1, "percent_covered": 0.0, "percent_covered_display": "0", "missing_lines": 1, "excluded_lines": 0}, "missing_lines": [85], "excluded_lines": []}, "DataInvalidError": {"executed_lines": [], "summary": {"covered_lines": 0, "num_statements": 1, "percent_covered": 0.0, "percent_covered_display": "0", "missing_lines": 1, "excluded_lines": 0}, "missing_lines": [99], "excluded_lines": []}, "DataQualityError": {"executed_lines": [], "summary": {"covered_lines": 0, "num_statements": 1, "percent_covered": 0.0, "percent_covered_display": "0", "missing_lines": 1, "excluded_lines": 0}, "missing_lines": [106], "excluded_lines": []}, "ModelNotTrainedError": {"executed_lines": [], "summary": {"covered_lines": 0, "num_statements": 1, "percent_covered": 0.0, "percent_covered_display": "0", "missing_lines": 1, "excluded_lines": 0}, "missing_lines": [124], "excluded_lines": []}, "ModelLoadError": {"executed_lines": [], "summary": {"covered_lines": 0, "num_statements": 1, "percent_covered": 0.0, "percent_covered_display": "0", "missing_lines": 1, "excluded_lines": 0}, "missing_lines": [137], "excluded_lines": []}, "ModelPredictionError": {"executed_lines": [], "summary": {"covered_lines": 0, "num_statements": 1, "percent_covered": 0.0, "percent_covered_display": "0", "missing_lines": 1, "excluded_lines": 0}, "missing_lines": [150], "excluded_lines": []}, "ColdStartError": {"executed_lines": [], "summary": {"covered_lines": 0, "num_statements": 1, "percent_covered": 0.0, "percent_covered_display": "0", "missing_lines": 1, "excluded_lines": 0}, "missing_lines": [166], "excluded_lines": []}, "InvalidParameterError": {"executed_lines": [], "summary": {"covered_lines": 0, "num_statements": 1, "percent_covered": 0.0, "percent_covered_display": "0", "missing_lines": 1, "excluded_lines": 0}, "missing_lines": [180], "excluded_lines": []}, "RecommendationFailedError": {"executed_lines": [], "summary": {"covered_lines": 0, "num_statements": 1, "percent_covered": 0.0, "percent_covered_display": "0", "missing_lines": 1, "excluded_lines": 0}, "missing_lines": [194], "excluded_lines": []}, "ExternalServiceError": {"executed_lines": [], "summary": {"covered_lines": 0, "num_statements": 1, "percent_covered": 0.0, "percent_covered_display": "0", "missing_lines": 1, "excluded_lines": 0}, "missing_lines": [206], "excluded_lines": []}, "NetworkError": {"executed_lines": [], "summary": {"covered_lines": 0, "num_statements": 1, "percent_covered": 0.0, "percent_covered_display": "0", "missing_lines": 1, "excluded_lines": 0}, "missing_lines": [219], "excluded_lines": []}, "ConfigurationError": {"executed_lines": [], "summary": {"covered_lines": 0, "num_statements": 1, "percent_covered": 0.0, "percent_covered_display": "0", "missing_lines": 1, "excluded_lines": 0}, "missing_lines": [231], "excluded_lines": []}, "MLModelNotTrainedError": {"executed_lines": [], "summary": {"covered_lines": 0, "num_statements": 0, "percent_covered": 100.0, "percent_covered_display": "100", "missing_lines": 0, "excluded_lines": 0}, "missing_lines": [], "excluded_lines": []}, "": {"executed_lines": [], "summary": {"covered_lines": 0, "num_statements": 49, "percent_covered": 0.0, "percent_covered_display": "0", "missing_lines": 49, "excluded_lines": 0}, "missing_lines": [10, 11, 14, 18, 19, 20, 21, 24, 25, 26, 27, 30, 31, 32, 35, 36, 37, 40, 41, 42, 45, 52, 66, 81, 84, 95, 98, 102, 105, 120, 123, 133, 136, 146, 149, 158, 165, 176, 179, 190, 193, 202, 205, 215, 218, 227, 230, 239, 246], "excluded_lines": []}}}, "skillnote_recommendation/core/evaluator.py": {"executed_lines": [1, 8, 9, 10, 11, 12, 13, 16, 19, 20, 22, 29, 31, 49, 50, 53, 54, 57, 59, 60, 63, 65, 66, 67, 69, 72, 73, 76, 77, 79, 81, 109, 111, 114, 116, 119, 120, 130, 131, 133, 136, 148, 149, 150, 151, 152, 153, 154, 155, 157, 159, 165, 168, 171, 172, 180, 182, 183, 184, 185, 186, 187, 188, 189, 192, 193, 194, 197, 198, 201, 204, 205, 208, 209, 212, 216, 218, 219, 222, 223, 226, 227, 235, 236, 242, 244, 253, 254, 261, 263, 278, 279, 280, 282, 286, 287, 288, 291, 294, 296, 309, 310, 313, 315, 330, 333, 334, 336, 337, 343, 344, 348, 370, 371, 372, 373, 376, 377, 379, 381, 383, 384, 385, 387, 388, 390, 394, 401, 402, 403, 405, 407, 409, 417, 418, 419, 421, 424, 425, 426, 427, 428, 430, 431, 432, 435, 438, 441, 442, 447, 448, 453, 459, 467, 476, 482, 487, 489, 497, 498, 499, 501, 522, 523, 531, 532, 538, 540, 541, 542, 543, 544, 545, 547, 548, 552, 553, 555, 556, 557, 560, 561, 564, 565, 566, 569, 570, 571, 574, 575, 579, 594, 596, 597, 600, 601, 602, 604, 606, 618, 622, 623, 624, 626, 630, 631, 633, 634, 635, 637, 639, 641, 657, 658, 660, 662, 663, 667, 668, 669, 671, 672, 675, 678, 679, 681, 683, 707, 717, 718, 721, 722, 725, 726, 736, 737, 739, 741, 753, 754, 755, 761, 764, 765, 772, 773, 776, 784, 786, 788, 850, 902], "summary": {"covered_lines": 250, "num_statements": 342, "percent_covered": 73.09941520467837, "percent_covered_display": "73", "missing_lines": 92, "excluded_lines": 0}, "missing_lines": [145, 166, 175, 177, 202, 213, 292, 312, 331, 338, 340, 341, 346, 391, 449, 450, 454, 460, 461, 462, 463, 468, 471, 477, 478, 483, 549, 619, 627, 664, 674, 750, 762, 768, 770, 809, 811, 812, 815, 816, 820, 823, 824, 825, 828, 833, 834, 835, 838, 839, 840, 843, 845, 846, 848, 866, 868, 871, 874, 875, 879, 881, 883, 885, 886, 887, 890, 895, 896, 898, 900, 923, 925, 927, 928, 929, 932, 934, 937, 940, 948, 956, 959, 960, 972, 973, 974, 975, 976, 978, 979, 981], "excluded_lines": [], "functions": {"RecommendationEvaluator.__init__": {"executed_lines": [29], "summary": {"covered_lines": 1, "num_statements": 1, "percent_covered": 100.0, "percent_covered_display": "100", "missing_lines": 0, "excluded_lines": 0}, "missing_lines": [], "excluded_lines": []}, "RecommendationEvaluator.temporal_train_test_split": {"executed_lines": [49, 50, 53, 54, 57, 59, 60, 63, 65, 66, 67, 69, 72, 73, 76, 77, 79], "summary": {"covered_lines": 17, "num_statements": 17, "percent_covered": 100.0, "percent_covered_display": "100", "missing_lines": 0, "excluded_lines": 0}, "missing_lines": [], "excluded_lines": []}, "RecommendationEvaluator.evaluate_recommendations": {"executed_lines": [109, 111, 114, 116, 119, 120, 130, 131, 133, 136, 148, 149, 150, 151, 152, 153, 154, 155, 157, 159, 165, 168, 171, 172, 180, 182, 183, 184, 185, 186, 187, 188, 189, 192, 193, 194, 197, 198, 201, 204, 205, 208, 209, 212, 216, 218, 219, 222, 223, 226, 227, 235, 236, 242, 244, 253, 254, 261], "summary": {"covered_lines": 58, "num_statements": 64, "percent_covered": 90.625, "percent_covered_display": "91", "missing_lines": 6, "excluded_lines": 0}, "missing_lines": [145, 166, 175, 177, 202, 213], "excluded_lines": []}, "RecommendationEvaluator._calculate_ndcg": {"executed_lines": [278, 279, 280, 282, 286, 287, 288, 291, 294], "summary": {"covered_lines": 9, "num_statements": 10, "percent_covered": 90.0, "percent_covered_display": "90", "missing_lines": 1, "excluded_lines": 0}, "missing_lines": [292], "excluded_lines": []}, "RecommendationEvaluator._calculate_mrr": {"executed_lines": [309, 310, 313], "summary": {"covered_lines": 3, "num_statements": 4, "percent_covered": 75.0, "percent_covered_display": "75", "missing_lines": 1, "excluded_lines": 0}, "missing_lines": [312], "excluded_lines": []}, "RecommendationEvaluator._calculate_average_precision": {"executed_lines": [330, 333, 334, 336, 337, 343, 344], "summary": {"covered_lines": 7, "num_statements": 12, "percent_covered": 58.333333333333336, "percent_covered_display": "58", "missing_lines": 5, "excluded_lines": 0}, "missing_lines": [331, 338, 340, 341, 346], "excluded_lines": []}, "RecommendationEvaluator.cross_validate_temporal": {"executed_lines": [370, 371, 372, 373, 376, 377, 379, 381, 383, 384, 385, 387, 388, 390, 394, 401, 402, 403, 405, 407], "summary": {"covered_lines": 20, "num_statements": 21, "percent_covered": 95.23809523809524, "percent_covered_display": "95", "missing_lines": 1, "excluded_lines": 0}, "missing_lines": [391], "excluded_lines": []}, "RecommendationEvaluator.print_evaluation_results": {"executed_lines": [417, 418, 419, 421, 424, 425, 426, 427, 428, 430, 431, 432, 435, 438, 441, 442, 447, 448, 453, 459, 467, 476, 482, 487], "summary": {"covered_lines": 24, "num_statements": 36, "percent_covered": 66.66666666666667, "percent_covered_display": "67", "missing_lines": 12, "excluded_lines": 0}, "missing_lines": [449, 450, 454, 460, 461, 462, 463, 468, 471, 477, 478, 483], "excluded_lines": []}, "RecommendationEvaluator.export_evaluation_results": {"executed_lines": [497, 498, 499], "summary": {"covered_lines": 3, "num_statements": 3, "percent_covered": 100.0, "percent_covered_display": "100", "missing_lines": 0, "excluded_lines": 0}, "missing_lines": [], "excluded_lines": []}, "RecommendationEvaluator.calculate_diversity_metrics": {"executed_lines": [522, 523, 531, 532, 538, 540, 541, 542, 543, 544, 545, 547, 548, 552, 553, 555, 556, 557, 560, 561, 564, 565, 566, 569, 570, 571, 574, 575, 579, 594, 596, 597, 600, 601, 602, 604], "summary": {"covered_lines": 36, "num_statements": 37, "percent_covered": 97.29729729729729, "percent_covered_display": "97", "missing_lines": 1, "excluded_lines": 0}, "missing_lines": [549], "excluded_lines": []}, "RecommendationEvaluator._calculate_gini_index": {"executed_lines": [618, 622, 623, 624, 626, 630, 631, 633, 634, 635, 637, 639], "summary": {"covered_lines": 12, "num_statements": 14, "percent_covered": 85.71428571428571, "percent_covered_display": "86", "missing_lines": 2, "excluded_lines": 0}, "missing_lines": [619, 627], "excluded_lines": []}, "RecommendationEvaluator._calculate_novelty": {"executed_lines": [657, 658, 660, 662, 663, 667, 668, 669, 671, 672, 675, 678, 679, 681], "summary": {"covered_lines": 14, "num_statements": 16, "percent_covered": 87.5, "percent_covered_display": "88", "missing_lines": 2, "excluded_lines": 0}, "missing_lines": [664, 674], "excluded_lines": []}, "RecommendationEvaluator.evaluate_with_diversity": {"executed_lines": [707, 717, 718, 721, 722, 725, 726, 736, 737, 739, 741, 753, 754, 755, 761, 764, 765, 772, 773, 776, 784, 786], "summary": {"covered_lines": 22, "num_statements": 26, "percent_covered": 84.61538461538461, "percent_covered_display": "85", "missing_lines": 4, "excluded_lines": 0}, "missing_lines": [750, 762, 768, 770], "excluded_lines": []}, "RecommendationEvaluator.random_user_split": {"executed_lines": [], "summary": {"covered_lines": 0, "num_statements": 20, "percent_covered": 0.0, "percent_covered_display": "0", "missing_lines": 20, "excluded_lines": 0}, "missing_lines": [809, 811, 812, 815, 816, 820, 823, 824, 825, 828, 833, 834, 835, 838, 839, 840, 843, 845, 846, 848], "excluded_lines": []}, "RecommendationEvaluator.leave_one_out_split": {"executed_lines": [], "summary": {"covered_lines": 0, "num_statements": 16, "percent_covered": 0.0, "percent_covered_display": "0", "missing_lines": 16, "excluded_lines": 0}, "missing_lines": [866, 868, 871, 874, 875, 879, 881, 883, 885, 886, 887, 890, 895, 896, 898, 900], "excluded_lines": []}, "RecommendationEvaluator.evaluate_leave_one_out": {"executed_lines": [], "summary": {"covered_lines": 0, "num_statements": 21, "percent_covered": 0.0, "percent_covered_display": "0", "missing_lines": 21, "excluded_lines": 0}, "missing_lines": [923, 925, 927, 928, 929, 932, 934, 937, 940, 948, 956, 959, 960, 972, 973, 974, 975, 976, 978, 979, 981], "excluded_lines": []}, "": {"executed_lines": [1, 8, 9, 10, 11, 12, 13, 16, 19, 20, 22, 31, 81, 263, 296, 315, 348, 409, 489, 501, 606, 641, 683, 788, 850, 902], "summary": {"covered_lines": 24, "num_statements": 24, "percent_covered": 100.0, "percent_covered_display": "100", "missing_lines": 0, "excluded_lines": 0}, "missing_lines": [], "excluded_lines": []}}, "classes": {"RecommendationEvaluator": {"executed_lines": [29, 49, 50, 53, 54, 57, 59, 60, 63, 65, 66, 67, 69, 72, 73, 76, 77, 79, 109, 111, 114, 116, 119, 120, 130, 131, 133, 136, 148, 149, 150, 151, 152, 153, 154, 155, 157, 159, 165, 168, 171, 172, 180, 182, 183, 184, 185, 186, 187, 188, 189, 192, 193, 194, 197, 198, 201, 204, 205, 208, 209, 212, 216, 218, 219, 222, 223, 226, 227, 235, 236, 242, 244, 253, 254, 261, 278, 279, 280, 282, 286, 287, 288, 291, 294, 309, 310, 313, 330, 333, 334, 336, 337, 343, 344, 370, 371, 372, 373, 376, 377, 379, 381, 383, 384, 385, 387, 388, 390, 394, 401, 402, 403, 405, 407, 417, 418, 419, 421, 424, 425, 426, 427, 428, 430, 431, 432, 435, 438, 441, 442, 447, 448, 453, 459, 467, 476, 482, 487, 497, 498, 499, 522, 523, 531, 532, 538, 540, 541, 542, 543, 544, 545, 547, 548, 552, 553, 555, 556, 557, 560, 561, 564, 565, 566, 569, 570, 571, 574, 575, 579, 594, 596, 597, 600, 601, 602, 604, 618, 622, 623, 624, 626, 630, 631, 633, 634, 635, 637, 639, 657, 658, 660, 662, 663, 667, 668, 669, 671, 672, 675, 678, 679, 681, 707, 717, 718, 721, 722, 725, 726, 736, 737, 739, 741, 753, 754, 755, 761, 764, 765, 772, 773, 776, 784, 786], "summary": {"covered_lines": 226, "num_statements": 318, "percent_covered": 71.06918238993711, "percent_covered_display": "71", "missing_lines": 92, "excluded_lines": 0}, "missing_lines": [145, 166, 175, 177, 202, 213, 292, 312, 331, 338, 340, 341, 346, 391, 449, 450, 454, 460, 461, 462, 463, 468, 471, 477, 478, 483, 549, 619, 627, 664, 674, 750, 762, 768, 770, 809, 811, 812, 815, 816, 820, 823, 824, 825, 828, 833, 834, 835, 838, 839, 840, 843, 845, 846, 848, 866, 868, 871, 874, 875, 879, 881, 883, 885, 886, 887, 890, 895, 896, 898, 900, 923, 925, 927, 928, 929, 932, 934, 937, 940, 948, 956, 959, 960, 972, 973, 974, 975, 976, 978, 979, 981], "excluded_lines": []}, "": {"executed_lines": [1, 8, 9, 10, 11, 12, 13, 16, 19, 20, 22, 31, 81, 263, 296, 315, 348, 409, 489, 501, 606, 641, 683, 788, 850, 902], "summary": {"covered_lines": 24, "num_statements": 24, "percent_covered": 100.0, "percent_covered_display": "100", "missing_lines": 0, "excluded_lines": 0}, "missing_lines": [], "excluded_lines": []}}}, "skillnote_recommendation/core/interfaces.py": {"executed_lines": [], "summary": {"covered_lines": 0, "num_statements": 51, "percent_covered": 0.0, "percent_covered_display": "0", "missing_lines": 51, "excluded_lines": 40}, "missing_lines": [10, 11, 12, 13, 14, 16, 24, 25, 33, 34, 35, 37, 41, 45, 55, 59, 63, 73, 74, 77, 87, 97, 107, 119, 131, 132, 135, 147, 154, 155, 171, 173, 174, 176, 184, 185, 188, 209, 210, 213, 226, 242, 245, 246, 255, 257, 258, 260, 262, 263, 265], "excluded_lines": [39, 40, 43, 44, 53, 54, 57, 58, 61, 62, 65, 66, 67, 68, 85, 86, 95, 96, 105, 106, 117, 118, 123, 124, 125, 126, 139, 140, 141, 142, 201, 202, 203, 204, 224, 225, 234, 235, 236, 237], "functions": {"MatrixFactorizationProtocol.fit": {"executed_lines": [], "summary": {"covered_lines": 0, "num_statements": 0, "percent_covered": 100.0, "percent_covered_display": "100", "missing_lines": 0, "excluded_lines": 1}, "missing_lines": [], "excluded_lines": [39]}, "MatrixFactorizationProtocol.predict": {"executed_lines": [], "summary": {"covered_lines": 0, "num_statements": 0, "percent_covered": 100.0, "percent_covered_display": "100", "missing_lines": 0, "excluded_lines": 1}, "missing_lines": [], "excluded_lines": [43]}, "MatrixFactorizationProtocol.predict_top_k": {"executed_lines": [], "summary": {"covered_lines": 0, "num_statements": 0, "percent_covered": 100.0, "percent_covered_display": "100", "missing_lines": 0, "excluded_lines": 1}, "missing_lines": [], "excluded_lines": [53]}, "MatrixFactorizationProtocol.get_member_factors": {"executed_lines": [], "summary": {"covered_lines": 0, "num_statements": 0, "percent_covered": 100.0, "percent_covered_display": "100", "missing_lines": 0, "excluded_lines": 1}, "missing_lines": [], "excluded_lines": [57]}, "MatrixFactorizationProtocol.get_competence_factors": {"executed_lines": [], "summary": {"covered_lines": 0, "num_statements": 0, "percent_covered": 100.0, "percent_covered_display": "100", "missing_lines": 0, "excluded_lines": 1}, "missing_lines": [], "excluded_lines": [61]}, "MatrixFactorizationProtocol.save": {"executed_lines": [], "summary": {"covered_lines": 0, "num_statements": 0, "percent_covered": 100.0, "percent_covered_display": "100", "missing_lines": 0, "excluded_lines": 1}, "missing_lines": [], "excluded_lines": [65]}, "DiversityRerankerProtocol.rerank_mmr": {"executed_lines": [], "summary": {"covered_lines": 0, "num_statements": 0, "percent_covered": 100.0, "percent_covered_display": "100", "missing_lines": 0, "excluded_lines": 1}, "missing_lines": [], "excluded_lines": [85]}, "DiversityRerankerProtocol.rerank_category_diversity": {"executed_lines": [], "summary": {"covered_lines": 0, "num_statements": 0, "percent_covered": 100.0, "percent_covered_display": "100", "missing_lines": 0, "excluded_lines": 1}, "missing_lines": [], "excluded_lines": [95]}, "DiversityRerankerProtocol.rerank_type_diversity": {"executed_lines": [], "summary": {"covered_lines": 0, "num_statements": 0, "percent_covered": 100.0, "percent_covered_display": "100", "missing_lines": 0, "excluded_lines": 1}, "missing_lines": [], "excluded_lines": [105]}, "DiversityRerankerProtocol.rerank_hybrid": {"executed_lines": [], "summary": {"covered_lines": 0, "num_statements": 0, "percent_covered": 100.0, "percent_covered_display": "100", "missing_lines": 0, "excluded_lines": 1}, "missing_lines": [], "excluded_lines": [117]}, "DiversityRerankerProtocol.calculate_diversity_metrics": {"executed_lines": [], "summary": {"covered_lines": 0, "num_statements": 0, "percent_covered": 100.0, "percent_covered_display": "100", "missing_lines": 0, "excluded_lines": 1}, "missing_lines": [], "excluded_lines": [123]}, "ReferencePersonFinderProtocol.find_reference_persons": {"executed_lines": [], "summary": {"covered_lines": 0, "num_statements": 0, "percent_covered": 100.0, "percent_covered_display": "100", "missing_lines": 0, "excluded_lines": 1}, "missing_lines": [], "excluded_lines": [139]}, "BaseRecommender.recommend": {"executed_lines": [], "summary": {"covered_lines": 0, "num_statements": 1, "percent_covered": 0.0, "percent_covered_display": "0", "missing_lines": 1, "excluded_lines": 0}, "missing_lines": [171], "excluded_lines": []}, "BaseRecommender.is_ready": {"executed_lines": [], "summary": {"covered_lines": 0, "num_statements": 1, "percent_covered": 0.0, "percent_covered_display": "0", "missing_lines": 1, "excluded_lines": 0}, "missing_lines": [176], "excluded_lines": []}, "DataPreprocessorProtocol.preprocess": {"executed_lines": [], "summary": {"covered_lines": 0, "num_statements": 0, "percent_covered": 100.0, "percent_covered_display": "100", "missing_lines": 0, "excluded_lines": 1}, "missing_lines": [], "excluded_lines": [201]}, "EvaluatorProtocol.evaluate_recommendations": {"executed_lines": [], "summary": {"covered_lines": 0, "num_statements": 0, "percent_covered": 100.0, "percent_covered_display": "100", "missing_lines": 0, "excluded_lines": 1}, "missing_lines": [], "excluded_lines": [224]}, "EvaluatorProtocol.calculate_diversity_metrics": {"executed_lines": [], "summary": {"covered_lines": 0, "num_statements": 0, "percent_covered": 100.0, "percent_covered_display": "100", "missing_lines": 0, "excluded_lines": 1}, "missing_lines": [], "excluded_lines": [234]}, "BaseHyperparameterTuner.optimize": {"executed_lines": [], "summary": {"covered_lines": 0, "num_statements": 1, "percent_covered": 0.0, "percent_covered_display": "0", "missing_lines": 1, "excluded_lines": 0}, "missing_lines": [255], "excluded_lines": []}, "BaseHyperparameterTuner.get_best_model": {"executed_lines": [], "summary": {"covered_lines": 0, "num_statements": 1, "percent_covered": 0.0, "percent_covered_display": "0", "missing_lines": 1, "excluded_lines": 0}, "missing_lines": [260], "excluded_lines": []}, "BaseHyperparameterTuner.get_optimization_history": {"executed_lines": [], "summary": {"covered_lines": 0, "num_statements": 1, "percent_covered": 0.0, "percent_covered_display": "0", "missing_lines": 1, "excluded_lines": 0}, "missing_lines": [265], "excluded_lines": []}, "": {"executed_lines": [], "summary": {"covered_lines": 0, "num_statements": 46, "percent_covered": 0.0, "percent_covered_display": "0", "missing_lines": 46, "excluded_lines": 25}, "missing_lines": [10, 11, 12, 13, 14, 16, 24, 25, 33, 34, 35, 37, 41, 45, 55, 59, 63, 73, 74, 77, 87, 97, 107, 119, 131, 132, 135, 147, 154, 155, 173, 174, 184, 185, 188, 209, 210, 213, 226, 242, 245, 246, 257, 258, 262, 263], "excluded_lines": [40, 44, 54, 58, 62, 66, 67, 68, 86, 96, 106, 118, 124, 125, 126, 140, 141, 142, 202, 203, 204, 225, 235, 236, 237]}}, "classes": {"MatrixFactorizationProtocol": {"executed_lines": [], "summary": {"covered_lines": 0, "num_statements": 0, "percent_covered": 100.0, "percent_covered_display": "100", "missing_lines": 0, "excluded_lines": 6}, "missing_lines": [], "excluded_lines": [39, 43, 53, 57, 61, 65]}, "DiversityRerankerProtocol": {"executed_lines": [], "summary": {"covered_lines": 0, "num_statements": 0, "percent_covered": 100.0, "percent_covered_display": "100", "missing_lines": 0, "excluded_lines": 5}, "missing_lines": [], "excluded_lines": [85, 95, 105, 117, 123]}, "ReferencePersonFinderProtocol": {"executed_lines": [], "summary": {"covered_lines": 0, "num_statements": 0, "percent_covered": 100.0, "percent_covered_display": "100", "missing_lines": 0, "excluded_lines": 1}, "missing_lines": [], "excluded_lines": [139]}, "BaseRecommender": {"executed_lines": [], "summary": {"covered_lines": 0, "num_statements": 2, "percent_covered": 0.0, "percent_covered_display": "0", "missing_lines": 2, "excluded_lines": 0}, "missing_lines": [171, 176], "excluded_lines": []}, "DataPreprocessorProtocol": {"executed_lines": [], "summary": {"covered_lines": 0, "num_statements": 0, "percent_covered": 100.0, "percent_covered_display": "100", "missing_lines": 0, "excluded_lines": 1}, "missing_lines": [], "excluded_lines": [201]}, "EvaluatorProtocol": {"executed_lines": [], "summary": {"covered_lines": 0, "num_statements": 0, "percent_covered": 100.0, "percent_covered_display": "100", "missing_lines": 0, "excluded_lines": 2}, "missing_lines": [], "excluded_lines": [224, 234]}, "BaseHyperparameterTuner": {"executed_lines": [], "summary": {"covered_lines": 0, "num_statements": 3, "percent_covered": 0.0, "percent_covered_display": "0", "missing_lines": 3, "excluded_lines": 0}, "missing_lines": [255, 260, 265], "excluded_lines": []}, "": {"executed_lines": [], "summary": {"covered_lines": 0, "num_statements": 46, "percent_covered": 0.0, "percent_covered_display": "0", "missing_lines": 46, "excluded_lines": 25}, "missing_lines": [10, 11, 12, 13, 14, 16, 24, 25, 33, 34, 35, 37, 41, 45, 55, 59, 63, 73, 74, 77, 87, 97, 107, 119, 131, 132, 135, 147, 154, 155, 173, 174, 184, 185, 188, 209, 210, 213, 226, 242, 245, 246, 257, 258, 262, 263], "excluded_lines": [40, 44, 54, 58, 62, 66, 67, 68, 86, 96, 106, 118, 124, 125, 126, 140, 141, 142, 202, 203, 204, 225, 235, 236, 237]}}}, "skillnote_recommendation/core/logging_config.py": {"executed_lines": [], "summary": {"covered_lines": 0, "num_statements": 31, "percent_covered": 0.0, "percent_covered_display": "0", "missing_lines": 31, "excluded_lines": 0}, "missing_lines": [10, 11, 12, 13, 14, 17, 29, 32, 35, 45, 46, 48, 50, 59, 60, 62, 64, 69, 73, 74, 77, 78, 79, 82, 96, 99, 109, 110, 112, 113, 114], "excluded_lines": [], "functions": {"setup_structured_logging": {"executed_lines": [], "summary": {"covered_lines": 0, "num_statements": 17, "percent_covered": 0.0, "percent_covered_display": "0", "missing_lines": 17, "excluded_lines": 0}, "missing_lines": [29, 32, 35, 45, 46, 48, 50, 59, 60, 62, 64, 69, 73, 74, 77, 78, 79], "excluded_lines": []}, "get_logger": {"executed_lines": [], "summary": {"covered_lines": 0, "num_statements": 1, "percent_covered": 0.0, "percent_covered_display": "0", "missing_lines": 1, "excluded_lines": 0}, "missing_lines": [96], "excluded_lines": []}, "LoggerMixin.logger": {"executed_lines": [], "summary": {"covered_lines": 0, "num_statements": 3, "percent_covered": 0.0, "percent_covered_display": "0", "missing_lines": 3, "excluded_lines": 0}, "missing_lines": [112, 113, 114], "excluded_lines": []}, "": {"executed_lines": [], "summary": {"covered_lines": 0, "num_statements": 10, "percent_covered": 0.0, "percent_covered_display": "0", "missing_lines": 10, "excluded_lines": 0}, "missing_lines": [10, 11, 12, 13, 14, 17, 82, 99, 109, 110], "excluded_lines": []}}, "classes": {"LoggerMixin": {"executed_lines": [], "summary": {"covered_lines": 0, "num_statements": 3, "percent_covered": 0.0, "percent_covered_display": "0", "missing_lines": 3, "excluded_lines": 0}, "missing_lines": [112, 113, 114], "excluded_lines": []}, "": {"executed_lines": [], "summary": {"covered_lines": 0, "num_statements": 28, "percent_covered": 0.0, "percent_covered_display": "0", "missing_lines": 28, "excluded_lines": 0}, "missing_lines": [10, 11, 12, 13, 14, 17, 29, 32, 35, 45, 46, 48, 50, 59, 60, 62, 64, 69, 73, 74, 77, 78, 79, 82, 96, 99, 109, 110], "excluded_lines": []}}}, "skillnote_recommendation/core/models.py": {"executed_lines": [1, 7, 8, 11, 12, 14, 20, 24, 25, 27, 41, 45, 46, 48, 60, 64, 65, 67, 89, 90, 91, 92, 93, 94, 95, 96, 98, 110, 114, 115, 117, 130, 131, 132, 133, 134, 135, 136, 137, 138, 139, 141, 155], "summary": {"covered_lines": 37, "num_statements": 57, "percent_covered": 64.91228070175438, "percent_covered_display": "65", "missing_lines": 20, "excluded_lines": 0}, "missing_lines": [15, 16, 17, 18, 21, 35, 36, 37, 38, 39, 42, 55, 56, 57, 58, 61, 100, 111, 143, 156], "excluded_lines": [], "functions": {"Member.__init__": {"executed_lines": [], "summary": {"covered_lines": 0, "num_statements": 4, "percent_covered": 0.0, "percent_covered_display": "0", "missing_lines": 4, "excluded_lines": 0}, "missing_lines": [15, 16, 17, 18], "excluded_lines": []}, "Member.__repr__": {"executed_lines": [], "summary": {"covered_lines": 0, "num_statements": 1, "percent_covered": 0.0, "percent_covered_display": "0", "missing_lines": 1, "excluded_lines": 0}, "missing_lines": [21], "excluded_lines": []}, "Competence.__init__": {"executed_lines": [], "summary": {"covered_lines": 0, "num_statements": 5, "percent_covered": 0.0, "percent_covered_display": "0", "missing_lines": 5, "excluded_lines": 0}, "missing_lines": [35, 36, 37, 38, 39], "excluded_lines": []}, "Competence.__repr__": {"executed_lines": [], "summary": {"covered_lines": 0, "num_statements": 1, "percent_covered": 0.0, "percent_covered_display": "0", "missing_lines": 1, "excluded_lines": 0}, "missing_lines": [42], "excluded_lines": []}, "MemberCompetence.__init__": {"executed_lines": [], "summary": {"covered_lines": 0, "num_statements": 4, "percent_covered": 0.0, "percent_covered_display": "0", "missing_lines": 4, "excluded_lines": 0}, "missing_lines": [55, 56, 57, 58], "excluded_lines": []}, "MemberCompetence.__repr__": {"executed_lines": [], "summary": {"covered_lines": 0, "num_statements": 1, "percent_covered": 0.0, "percent_covered_display": "0", "missing_lines": 1, "excluded_lines": 0}, "missing_lines": [61], "excluded_lines": []}, "ReferencePerson.__init__": {"executed_lines": [89, 90, 91, 92, 93, 94, 95, 96], "summary": {"covered_lines": 8, "num_statements": 8, "percent_covered": 100.0, "percent_covered_display": "100", "missing_lines": 0, "excluded_lines": 0}, "missing_lines": [], "excluded_lines": []}, "ReferencePerson.to_dict": {"executed_lines": [], "summary": {"covered_lines": 0, "num_statements": 1, "percent_covered": 0.0, "percent_covered_display": "0", "missing_lines": 1, "excluded_lines": 0}, "missing_lines": [100], "excluded_lines": []}, "ReferencePerson.__repr__": {"executed_lines": [], "summary": {"covered_lines": 0, "num_statements": 1, "percent_covered": 0.0, "percent_covered_display": "0", "missing_lines": 1, "excluded_lines": 0}, "missing_lines": [111], "excluded_lines": []}, "Recommendation.__init__": {"executed_lines": [130, 131, 132, 133, 134, 135, 136, 137, 138, 139], "summary": {"covered_lines": 10, "num_statements": 10, "percent_covered": 100.0, "percent_covered_display": "100", "missing_lines": 0, "excluded_lines": 0}, "missing_lines": [], "excluded_lines": []}, "Recommendation.to_dict": {"executed_lines": [], "summary": {"covered_lines": 0, "num_statements": 1, "percent_covered": 0.0, "percent_covered_display": "0", "missing_lines": 1, "excluded_lines": 0}, "missing_lines": [143], "excluded_lines": []}, "Recommendation.__repr__": {"executed_lines": [], "summary": {"covered_lines": 0, "num_statements": 1, "percent_covered": 0.0, "percent_covered_display": "0", "missing_lines": 1, "excluded_lines": 0}, "missing_lines": [156], "excluded_lines": []}, "": {"executed_lines": [1, 7, 8, 11, 12, 14, 20, 24, 25, 27, 41, 45, 46, 48, 60, 64, 65, 67, 98, 110, 114, 115, 117, 141, 155], "summary": {"covered_lines": 19, "num_statements": 19, "percent_covered": 100.0, "percent_covered_display": "100", "missing_lines": 0, "excluded_lines": 0}, "missing_lines": [], "excluded_lines": []}}, "classes": {"Member": {"executed_lines": [], "summary": {"covered_lines": 0, "num_statements": 5, "percent_covered": 0.0, "percent_covered_display": "0", "missing_lines": 5, "excluded_lines": 0}, "missing_lines": [15, 16, 17, 18, 21], "excluded_lines": []}, "Competence": {"executed_lines": [], "summary": {"covered_lines": 0, "num_statements": 6, "percent_covered": 0.0, "percent_covered_display": "0", "missing_lines": 6, "excluded_lines": 0}, "missing_lines": [35, 36, 37, 38, 39, 42], "excluded_lines": []}, "MemberCompetence": {"executed_lines": [], "summary": {"covered_lines": 0, "num_statements": 5, "percent_covered": 0.0, "percent_covered_display": "0", "missing_lines": 5, "excluded_lines": 0}, "missing_lines": [55, 56, 57, 58, 61], "excluded_lines": []}, "ReferencePerson": {"executed_lines": [89, 90, 91, 92, 93, 94, 95, 96], "summary": {"covered_lines": 8, "num_statements": 10, "percent_covered": 80.0, "percent_covered_display": "80", "missing_lines": 2, "excluded_lines": 0}, "missing_lines": [100, 111], "excluded_lines": []}, "Recommendation": {"executed_lines": [130, 131, 132, 133, 134, 135, 136, 137, 138, 139], "summary": {"covered_lines": 10, "num_statements": 12, "percent_covered": 83.33333333333333, "percent_covered_display": "83", "missing_lines": 2, "excluded_lines": 0}, "missing_lines": [143, 156], "excluded_lines": []}, "": {"executed_lines": [1, 7, 8, 11, 12, 14, 20, 24, 25, 27, 41, 45, 46, 48, 60, 64, 65, 67, 98, 110, 114, 115, 117, 141, 155], "summary": {"covered_lines": 19, "num_statements": 19, "percent_covered": 100.0, "percent_covered_display": "100", "missing_lines": 0, "excluded_lines": 0}, "missing_lines": [], "excluded_lines": []}}}, "skillnote_recommendation/core/persistence/__init__.py": {"executed_lines": [1, 11, 12, 13, 14, 16], "summary": {"covered_lines": 5, "num_statements": 5, "percent_covered": 100.0, "percent_covered_display": "100", "missing_lines": 0, "excluded_lines": 0}, "missing_lines": [], "excluded_lines": [], "functions": {"": {"executed_lines": [1, 11, 12, 13, 14, 16], "summary": {"covered_lines": 5, "num_statements": 5, "percent_covered": 100.0, "percent_covered_display": "100", "missing_lines": 0, "excluded_lines": 0}, "missing_lines": [], "excluded_lines": []}}, "classes": {"": {"executed_lines": [1, 11, 12, 13, 14, 16], "summary": {"covered_lines": 5, "num_statements": 5, "percent_covered": 100.0, "percent_covered_display": "100", "missing_lines": 0, "excluded_lines": 0}, "missing_lines": [], "excluded_lines": []}}}, "skillnote_recommendation/core/persistence/database.py": {"executed_lines": [1, 5, 6, 7, 8, 9, 10, 12, 15, 16, 18, 25, 26, 27, 29, 31, 33, 34, 41, 42, 43, 44, 45, 51, 53, 55, 58, 59, 62, 76, 95, 113, 131, 138, 145, 152, 159, 160, 161, 163, 174, 175, 176, 177, 180, 182, 193, 194, 195, 196, 199, 201, 212, 213, 214, 215, 218, 220, 221, 223, 225, 226, 228, 229], "summary": {"covered_lines": 62, "num_statements": 72, "percent_covered": 86.11111111111111, "percent_covered_display": "86", "missing_lines": 10, "excluded_lines": 0}, "missing_lines": [46, 47, 48, 49, 56, 179, 198, 217, 230, 231], "excluded_lines": [], "functions": {"DatabaseManager.__init__": {"executed_lines": [25, 26, 27], "summary": {"covered_lines": 3, "num_statements": 3, "percent_covered": 100.0, "percent_covered_display": "100", "missing_lines": 0, "excluded_lines": 0}, "missing_lines": [], "excluded_lines": []}, "DatabaseManager._ensure_directory": {"executed_lines": [31], "summary": {"covered_lines": 1, "num_statements": 1, "percent_covered": 100.0, "percent_covered_display": "100", "missing_lines": 0, "excluded_lines": 0}, "missing_lines": [], "excluded_lines": []}, "DatabaseManager.get_connection": {"executed_lines": [41, 42, 43, 44, 45, 51], "summary": {"covered_lines": 6, "num_statements": 10, "percent_covered": 60.0, "percent_covered_display": "60", "missing_lines": 4, "excluded_lines": 0}, "missing_lines": [46, 47, 48, 49], "excluded_lines": []}, "DatabaseManager.initialize_schema": {"executed_lines": [55, 58, 59, 62, 76, 95, 113, 131, 138, 145, 152, 159, 160, 161], "summary": {"covered_lines": 14, "num_statements": 15, "percent_covered": 93.33333333333333, "percent_covered_display": "93", "missing_lines": 1, "excluded_lines": 0}, "missing_lines": [56], "excluded_lines": []}, "DatabaseManager.execute_query": {"executed_lines": [174, 175, 176, 177, 180], "summary": {"covered_lines": 5, "num_statements": 6, "percent_covered": 83.33333333333333, "percent_covered_display": "83", "missing_lines": 1, "excluded_lines": 0}, "missing_lines": [179], "excluded_lines": []}, "DatabaseManager.execute_insert": {"executed_lines": [193, 194, 195, 196, 199], "summary": {"covered_lines": 5, "num_statements": 6, "percent_covered": 83.33333333333333, "percent_covered_display": "83", "missing_lines": 1, "excluded_lines": 0}, "missing_lines": [198], "excluded_lines": []}, "DatabaseManager.execute_update": {"executed_lines": [212, 213, 214, 215, 218], "summary": {"covered_lines": 5, "num_statements": 6, "percent_covered": 83.33333333333333, "percent_covered_display": "83", "missing_lines": 1, "excluded_lines": 0}, "missing_lines": [217], "excluded_lines": []}, "DatabaseManager.serialize_json": {"executed_lines": [223], "summary": {"covered_lines": 1, "num_statements": 1, "percent_covered": 100.0, "percent_covered_display": "100", "missing_lines": 0, "excluded_lines": 0}, "missing_lines": [], "excluded_lines": []}, "DatabaseManager.deserialize_json": {"executed_lines": [228, 229], "summary": {"covered_lines": 2, "num_statements": 4, "percent_covered": 50.0, "percent_covered_display": "50", "missing_lines": 2, "excluded_lines": 0}, "missing_lines": [230, 231], "excluded_lines": []}, "": {"executed_lines": [1, 5, 6, 7, 8, 9, 10, 
[...]
s": [], "excluded_lines": []}}, "classes": {"": {"executed_lines": [], "summary": {"covered_lines": 0, "num_statements": 0, "percent_covered": 100.0, "percent_covered_display": "100", "missing_lines": 0, "excluded_lines": 0}, "missing_lines": [], "excluded_lines": []}}}, "skillnote_recommendation/utils/__init__.py": {"executed_lines": [1, 9, 14, 19], "summary": {"covered_lines": 3, "num_statements": 3, "percent_covered": 100.0, "percent_covered_display": "100", "missing_lines": 0, "excluded_lines": 0}, "missing_lines": [], "excluded_lines": [], "functions": {"": {"executed_lines": [1, 9, 14, 19], "summary": {"covered_lines": 3, "num_statements": 3, "percent_covered": 100.0, "percent_covered_display": "100", "missing_lines": 0, "excluded_lines": 0}, "missing_lines": [], "excluded_lines": []}}, "classes": {"": {"executed_lines": [1, 9, 14, 19], "summary": {"covered_lines": 3, "num_statements": 3, "percent_covered": 100.0, "percent_covered_display": "100", "missing_lines": 0, "excluded_lines": 0}, "missing_lines": [], "excluded_lines": []}}}, "skillnote_recommendation/utils/data_normalizers.py": {"executed_lines": [1, 8, 9, 10, 13, 14, 21, 22, 45, 49, 52, 55, 57, 59, 60, 78, 79, 105, 106, 137, 138, 139], "summary": {"covered_lines": 20, "num_statements": 33, "percent_covered": 60.60606060606061, "percent_covered_display": "61", "missing_lines": 13, "excluded_lines": 0}, "missing_lines": [46, 76, 96, 97, 99, 100, 101, 103, 127, 128, 130, 131, 133], "excluded_lines": [], "functions": {"DataNormalizer.normalize_member_code": {"executed_lines": [45, 49, 52, 55, 57], "summary": {"covered_lines": 5, "num_statements": 6, "percent_covered": 83.33333333333333, "percent_covered_display": "83", "missing_lines": 1, "excluded_lines": 0}, "missing_lines": [46], "excluded_lines": []}, "DataNormalizer.normalize_competence_code": {"executed_lines": [], "summary": {"covered_lines": 0, "num_statements": 1, "percent_covered": 0.0, "percent_covered_display": "0", "missing_lines": 1, "excluded_lines": 0}, "missing_lines": [76], "excluded_lines": []}, "DataNormalizer.normalize_text": {"executed_lines": [], "summary": {"covered_lines": 0, "num_statements": 6, "percent_covered": 0.0, "percent_covered_display": "0", "missing_lines": 6, "excluded_lines": 0}, "missing_lines": [96, 97, 99, 100, 101, 103], "excluded_lines": []}, "DataNormalizer.normalize_dataframe_column": {"executed_lines": [], "summary": {"covered_lines": 0, "num_statements": 5, "percent_covered": 0.0, "percent_covered_display": "0", "missing_lines": 5, "excluded_lines": 0}, "missing_lines": [127, 128, 130, 131, 133], "excluded_lines": []}, "": {"executed_lines": [1, 8, 9, 10, 13, 14, 21, 22, 59, 60, 78, 79, 105, 106, 137, 138, 139], "summary": {"covered_lines": 15, "num_statements": 15, "percent_covered": 100.0, "percent_covered_display": "100", "missing_lines": 0, "excluded_lines": 0}, "missing_lines": [], "excluded_lines": []}}, "classes": {"DataNormalizer": {"executed_lines": [45, 49, 52, 55, 57], "summary": {"covered_lines": 5, "num_statements": 18, "percent_covered": 27.77777777777778, "percent_covered_display": "28", "missing_lines": 13, "excluded_lines": 0}, "missing_lines": [46, 76, 96, 97, 99, 100, 101, 103, 127, 128, 130, 131, 133], "excluded_lines": []}, "": {"executed_lines": [1, 8, 9, 10, 13, 14, 21, 22, 59, 60, 78, 79, 105, 106, 137, 138, 139], "summary": {"covered_lines": 15, "num_statements": 15, "percent_covered": 100.0, "percent_covered_display": "100", "missing_lines": 0, "excluded_lines": 0}, "missing_lines": [], "excluded_lines": []}}}, "skillnote_recommendation/utils/data_validators.py": {"executed_lines": [1, 8, 9, 10, 12, 15, 16, 18, 21, 22, 29, 30, 63, 64, 87, 88, 126, 127, 154, 155, 209, 210], "summary": {"covered_lines": 19, "num_statements": 53, "percent_covered": 35.84905660377358, "percent_covered_display": "36", "missing_lines": 34, "excluded_lines": 0}, "missing_lines": [51, 53, 54, 58, 59, 61, 80, 81, 82, 83, 85, 109, 110, 111, 112, 115, 118, 119, 120, 121, 122, 124, 146, 148, 149, 150, 186, 187, 188, 190, 197, 198, 203, 205], "excluded_lines": [], "functions": {"DataValidator.validate_required_columns": {"executed_lines": [], "summary": {"covered_lines": 0, "num_statements": 6, "percent_covered": 0.0, "percent_covered_display": "0", "missing_lines": 6, "excluded_lines": 0}, "missing_lines": [51, 53, 54, 58, 59, 61], "excluded_lines": []}, "DataValidator.validate_non_empty": {"executed_lines": [], "summary": {"covered_lines": 0, "num_statements": 5, "percent_covered": 0.0, "percent_covered_display": "0", "missing_lines": 5, "excluded_lines": 0}, "missing_lines": [80, 81, 82, 83, 85], "excluded_lines": []}, "DataValidator.validate_column_data_type": {"executed_lines": [], "summary": {"covered_lines": 0, "num_statements": 11, "percent_covered": 0.0, "percent_covered_display": "0", "missing_lines": 11, "excluded_lines": 0}, "missing_lines": [109, 110, 111, 112, 115, 118, 119, 120, 121, 122, 124], "excluded_lines": []}, "DataValidator.validate_no_duplicates": {"executed_lines": [], "summary": {"covered_lines": 0, "num_statements": 4, "percent_covered": 0.0, "percent_covered_display": "0", "missing_lines": 4, "excluded_lines": 0}, "missing_lines": [146, 148, 149, 150], "excluded_lines": []}, "DataValidator.validate_foreign_key": {"executed_lines": [], "summary": {"covered_lines": 0, "num_statements": 8, "percent_covered": 0.0, "percent_covered_display": "0", "missing_lines": 8, "excluded_lines": 0}, "missing_lines": [186, 187, 188, 190, 197, 198, 203, 205], "excluded_lines": []}, "": {"executed_lines": [1, 8, 9, 10, 12, 15, 16, 18, 21, 22, 29, 30, 63, 64, 87, 88, 126, 127, 154, 155, 209, 210], "summary": {"covered_lines": 19, "num_statements": 19, "percent_covered": 100.0, "percent_covered_display": "100", "missing_lines": 0, "excluded_lines": 0}, "missing_lines": [], "excluded_lines": []}}, "classes": {"ValidationError": {"executed_lines": [], "summary": {"covered_lines": 0, "num_statements": 0, "percent_covered": 100.0, "percent_covered_display": "100", "missing_lines": 0, "excluded_lines": 0}, "missing_lines": [], "excluded_lines": []}, "DataValidator": {"executed_lines": [], "summary": {"covered_lines": 0, "num_statements": 34, "percent_covered": 0.0, "percent_covered_display": "0", "missing_lines": 34, "excluded_lines": 0}, "missing_lines": [51, 53, 54, 58, 59, 61, 80, 81, 82, 83, 85, 109, 110, 111, 112, 115, 118, 119, 120, 121, 122, 124, 146, 148, 149, 150, 186, 187, 188, 190, 197, 198, 203, 205], "excluded_lines": []}, "": {"executed_lines": [1, 8, 9, 10, 12, 15, 16, 18, 21, 22, 29, 30, 63, 64, 87, 88, 126, 127, 154, 155, 209, 210], "summary": {"covered_lines": 19, "num_statements": 19, "percent_covered": 100.0, "percent_covered_display": "100", "missing_lines": 0, "excluded_lines": 0}, "missing_lines": [], "excluded_lines": []}}}, "skillnote_recommendation/utils/streamlit_helpers.py": {"executed_lines": [1, 8, 9, 17, 52, 81, 112, 141], "summary": {"covered_lines": 7, "num_statements": 37, "percent_covered": 18.91891891891892, "percent_covered_display": "19", "missing_lines": 30, "excluded_lines": 3}, "missing_lines": [29, 30, 42, 43, 44, 68, 70, 71, 72, 76, 78, 97, 99, 100, 101, 102, 104, 127, 129, 131, 132, 134, 135, 136, 138, 156, 158, 159, 160, 161], "excluded_lines": [53, 82, 113], "functions": {"init_session_state": {"executed_lines": [], "summary": {"covered_lines": 0, "num_statements": 5, "percent_covered": 0.0, "percent_covered_display": "0", "missing_lines": 5, "excluded_lines": 0}, "missing_lines": [29, 30, 42, 43, 44], "excluded_lines": []}, "check_data_loaded": {"executed_lines": [], "summary": {"covered_lines": 0, "num_statements": 6, "percent_covered": 0.0, "percent_covered_display": "0", "missing_lines": 6, "excluded_lines": 1}, "missing_lines": [68, 70, 71, 72, 76, 78], "excluded_lines": [53]}, "check_model_trained": {"executed_lines": [], "summary": {"covered_lines": 0, "num_statements": 6, "percent_covered": 0.0, "percent_covered_display": "0", "missing_lines": 6, "excluded_lines": 1}, "missing_lines": [97, 99, 100, 101, 102, 104], "excluded_lines": [82]}, "display_error_details": {"executed_lines": [], "summary": {"covered_lines": 0, "num_statements": 8, "percent_covered": 0.0, "percent_covered_display": "0", "missing_lines": 8, "excluded_lines": 1}, "missing_lines": [127, 129, 131, 132, 134, 135, 136, 138], "excluded_lines": [113]}, "show_metric_cards": {"executed_lines": [], "summary": {"covered_lines": 0, "num_statements": 5, "percent_covered": 0.0, "percent_covered_display": "0", "missing_lines": 5, "excluded_lines": 0}, "missing_lines": [156, 158, 159, 160, 161], "excluded_lines": []}, "": {"executed_lines": [1, 8, 9, 17, 52, 81, 112, 141], "summary": {"covered_lines": 7, "num_statements": 7, "percent_covered": 100.0, "percent_covered_display": "100", "missing_lines": 0, "excluded_lines": 0}, "missing_lines": [], "excluded_lines": []}}, "classes": {"": {"executed_lines": [1, 8, 9, 17, 52, 81, 112, 141], "summary": {"covered_lines": 7, "num_statements": 37, "percent_covered": 18.91891891891892, "percent_covered_display": "19", "missing_lines": 30, "excluded_lines": 3}, "missing_lines": [29, 30, 42, 43, 44, 68, 70, 71, 72, 76, 78, 97, 99, 100, 101, 102, 104, 127, 129, 131, 132, 134, 135, 136, 138, 156, 158, 159, 160, 161], "excluded_lines": [53, 82, 113]}}}, "skillnote_recommendation/utils/ui_components.py": {"executed_lines": [], "summary": {"covered_lines": 0, "num_statements": 17, "percent_covered": 0.0, "percent_covered_display": "0", "missing_lines": 17, "excluded_lines": 0}, "missing_lines": [8, 11, 18, 290, 299, 310, 312, 315, 324, 327, 329, 340, 349, 351, 359, 368, 374], "excluded_lines": [], "functions": {"apply_rich_ui_styles": {"executed_lines": [], "summary": {"covered_lines": 0, "num_statements": 1, "percent_covered": 0.0, "percent_covered_display": "0", "missing_lines": 1, "excluded_lines": 0}, "missing_lines": [18], "excluded_lines": []}, "render_gradient_header": {"executed_lines": [], "summary": {"covered_lines": 0, "num_statements": 1, "percent_covered": 0.0, "percent_covered_display": "0", "missing_lines": 1, "excluded_lines": 0}, "missing_lines": [299], "excluded_lines": []}, "render_section_divider": {"executed_lines": [], "summary": {"covered_lines": 0, "num_statements": 1, "percent_covered": 0.0, "percent_covered_display": "0", "missing_lines": 1, "excluded_lines": 0}, "missing_lines": [312], "excluded_lines": []}, "render_card_header": {"executed_lines": [], "summary": {"covered_lines": 0, "num_statements": 3, "percent_covered": 0.0, "percent_covered_display": "0", "missing_lines": 3, "excluded_lines": 0}, "missing_lines": [324, 327, 329], "excluded_lines": []}, "render_metric_card": {"executed_lines": [], "summary": {"covered_lines": 0, "num_statements": 2, "percent_covered": 0.0, "percent_covered_display": "0", "missing_lines": 2, "excluded_lines": 0}, "missing_lines": [349, 351], "excluded_lines": []}, "render_success_message": {"executed_lines": [], "summary": {"covered_lines": 0, "num_statements": 2, "percent_covered": 0.0, "percent_covered_display": "0", "missing_lines": 2, "excluded_lines": 0}, "missing_lines": [368, 374], "excluded_lines": []}, "": {"executed_lines": [], "summary": {"covered_lines": 0, "num_statements": 7, "percent_covered": 0.0, "percent_covered_display": "0", "missing_lines": 7, "excluded_lines": 0}, "missing_lines": [8, 11, 290, 310, 315, 340, 359], "excluded_lines": []}}, "classes": {"": {"executed_lines": [], "summary": {"covered_lines": 0, "num_statements": 17, "percent_covered": 0.0, "percent_covered_display": "0", "missing_lines": 17, "excluded_lines": 0}, "missing_lines": [8, 11, 18, 290, 299, 310, 312, 315, 324, 327, 329, 340, 349, 351, 359, 368, 374], "excluded_lines": []}}}, "skillnote_recommendation/utils/visualization.py": {"executed_lines": [1, 8, 9, 10, 11, 13, 14, 22, 23, 24, 27, 28, 29, 37, 72, 74, 76, 78, 79, 82, 87, 88, 89, 92, 93, 94, 95, 96, 97, 98, 99, 101, 113, 116, 157, 158, 159, 160, 163, 169, 175, 176, 179, 180, 183, 185, 186, 188, 189, 191, 214, 224, 227, 263, 264, 265, 266, 267, 270, 275, 283, 291, 292, 295, 304, 307, 309, 316, 318, 319, 321, 344, 354, 357, 377, 380, 381, 382, 385, 386, 387, 390, 400, 402, 410, 430, 431, 433, 435, 436, 437, 440, 443, 444, 445, 446, 448, 451, 452, 455, 456, 457, 458, 459, 460, 461, 462, 463, 464, 470, 479, 482, 483, 486, 487, 488, 489, 490, 492, 493, 494, 497, 498, 499, 501, 502, 503, 506, 507, 508, 511, 512, 513, 514, 519, 521, 535, 537, 552, 555, 569, 570, 573, 574, 575, 576, 577, 578, 579, 580, 581, 584, 585, 586, 589, 590, 591, 593, 594, 597, 598, 599, 601, 604, 605, 607, 608, 609, 612, 614, 615, 616, 617, 620, 621, 622, 623, 625, 628, 629, 631, 632, 633, 636, 638, 639, 640, 641, 644, 645, 646, 647, 648, 650, 651, 653, 656, 668, 671, 672, 673, 675, 676, 679, 680, 681, 684, 687, 688, 691, 692, 693, 694, 696, 705, 708, 722, 724, 725, 726, 731, 734, 739, 740, 741, 742, 745, 747, 765, 778, 787, 795, 821, 823, 824, 827, 828, 830, 831, 832, 833, 835, 836, 837, 842, 844, 845, 850, 851, 854, 855, 856, 859, 860, 862, 863, 864, 865, 866, 869, 870, 871, 874, 885, 888, 908, 910, 911, 912, 913, 915, 918, 919, 920, 921, 926, 927, 928, 929, 930, 931, 936, 952, 955, 957, 980, 983, 996, 997, 999, 1001, 1002, 1004, 1006, 1012, 1018, 1026, 1028, 1030, 1031, 1032, 1034, 1044, 1053, 1055], "summary": {"covered_lines": 304, "num_statements": 320, "percent_covered": 95.0, "percent_covered_display": "95", "missing_lines": 16, "excluded_lines": 0}, "missing_lines": [449, 466, 467, 495, 515, 516, 518, 602, 626, 838, 839, 846, 847, 923, 933, 934], "excluded_lines": [], "functions": {"create_member_positioning_data": {"executed_lines": [72, 74, 76, 78, 79, 82, 87, 88, 89, 92, 93, 94, 95, 96, 97, 98, 99, 101, 113], "summary": {"covered_lines": 19, "num_statements": 19, "percent_covered": 100.0, "percent_covered_display": "100", "missing_lines": 0, "excluded_lines": 0}, "missing_lines": [], "excluded_lines": []}, "create_positioning_plot": {"executed_lines": [157, 158, 159, 160, 163, 169, 175, 176, 179, 180, 183, 185, 186, 188, 189, 191, 214, 224], "summary": {"covered_lines": 18, "num_statements": 18, "percent_covered": 100.0, "percent_covered_display": "100", "missing_lines": 0, "excluded_lines": 0}, "missing_lines": [], "excluded_lines": []}, "create_positioning_plot_with_patterns": {"executed_lines": [263, 264, 265, 266, 267, 270, 275, 283, 291, 292, 295, 304, 307, 309, 316, 318, 319, 321, 344, 354], "summary": {"covered_lines": 20, "num_statements": 20, "percent_covered": 100.0, "percent_covered_display": "100", "missing_lines": 0, "excluded_lines": 0}, "missing_lines": [], "excluded_lines": []}, "prepare_positioning_display_dataframe": {"executed_lines": [377, 380, 381, 382, 385, 386, 387, 390, 400, 402], "summary": {"covered_lines": 10, "num_statements": 10, "percent_covered": 100.0, "percent_covered_display": "100", "missing_lines": 0, "excluded_lines": 0}, "missing_lines": [], "excluded_lines": []}, "create_dependency_graph": {"executed_lines": [430, 431, 433, 435, 436, 437, 440, 443, 444, 445, 446, 448, 451, 452, 455, 456, 457, 458, 459, 460, 461, 462, 463, 464, 470, 479, 482, 483, 486, 487, 488, 489, 490, 492, 493, 494, 497, 498, 499, 501, 502, 503, 506, 507, 508, 511, 512, 513, 514, 519, 521, 535, 537, 552], "summary": {"covered_lines": 54, "num_statements": 61, "percent_covered": 88.52459016393442, "percent_covered_display": "89", "missing_lines": 7, "excluded_lines": 0}, "missing_lines": [449, 466, 467, 495, 515, 516, 518], "excluded_lines": []}, "_calculate_node_positions": {"executed_lines": [569, 570, 573, 574, 575, 576, 577, 578, 579, 580, 581, 584, 585, 586, 589, 590, 591, 593, 594, 597, 598, 599, 601, 604, 605, 607, 608, 609, 612, 614, 615, 616, 617, 620, 621, 622, 623, 625, 628, 629, 631, 632, 633, 636, 638, 639, 640, 641, 644, 645, 646, 647, 648, 650, 651, 653], "summary": {"covered_lines": 56, "num_statements": 58, "percent_covered": 96.55172413793103, "percent_covered_display": "97", "missing_lines": 2, "excluded_lines": 0}, "missing_lines": [602, 626], "excluded_lines": []}, "_create_arrow": {"executed_lines": [668, 671, 672, 673, 675, 676, 679, 680, 681, 684, 687, 688, 691, 692, 693, 694, 696, 705], "summary": {"covered_lines": 18, "num_statements": 18, "percent_covered": 100.0, "percent_covered_display": "100", "missing_lines": 0, "excluded_lines": 0}, "missing_lines": [], "excluded_lines": []}, "create_learning_path_timeline": {"executed_lines": [722, 724, 725, 726, 731, 734, 739, 740, 741, 742, 745, 747, 765, 778, 787], "summary": {"covered_lines": 15, "num_statements": 15, "percent_covered": 100.0, "percent_covered_display": "100", "missing_lines": 0, "excluded_lines": 0}, "missing_lines": [], "excluded_lines": []}, "create_skill_transition_graph": {"executed_lines": [821, 823, 824, 827, 828, 830, 831, 832, 833, 835, 836, 837, 842, 844, 845, 850, 851, 854, 855, 856, 859, 860, 862, 863, 864, 865, 866, 869, 870, 871, 874, 885, 888, 908, 910, 911, 912, 913, 915, 918, 919, 920, 921, 926, 927, 928, 929, 930, 931, 936, 952, 955, 957, 980], "summary": {"covered_lines": 54, "num_statements": 61, "percent_covered": 88.52459016393442, "percent_covered_display": "89", "missing_lines": 7, "excluded_lines": 0}, "missing_lines": [838, 839, 846, 847, 923, 933, 934], "excluded_lines": []}, "create_graph_statistics_chart": {"executed_lines": [996, 997, 999, 1001, 1002, 1004, 1006, 1012, 1018, 1026, 1028, 1030, 1031, 1032, 1034, 1044, 1053, 1055], "summary": {"covered_lines": 18, "num_statements": 18, "percent_covered": 100.0, "percent_covered_display": "100", "missing_lines": 0, "excluded_lines": 0}, "missing_lines": [], "excluded_lines": []}, "": {"executed_lines": [1, 8, 9, 10, 11, 13, 14, 22, 23, 24, 27, 28, 29, 37, 116, 227, 357, 410, 555, 656, 708, 795, 983], "summary": {"covered_lines": 22, "num_statements": 22, "percent_covered": 100.0, "percent_covered_display": "100", "missing_lines": 0, "excluded_lines": 0}, "missing_lines": [], "excluded_lines": []}}, "classes": {"": {"executed_lines": [1, 8, 9, 10, 11, 13, 14, 22, 23, 24, 27, 28, 29, 37, 72, 74, 76, 78, 79, 82, 87, 88, 89, 92, 93, 94, 95, 96, 97, 98, 99, 101, 113, 116, 157, 158, 159, 160, 163, 169, 175, 176, 179, 180, 183, 185, 186, 188, 189, 191, 214, 224, 227, 263, 264, 265, 266, 267, 270, 275, 283, 291, 292, 295, 304, 307, 309, 316, 318, 319, 321, 344, 354, 357, 377, 380, 381, 382, 385, 386, 387, 390, 400, 402, 410, 430, 431, 433, 435, 436, 437, 440, 443, 444, 445, 446, 448, 451, 452, 455, 456, 457, 458, 459, 460, 461, 462, 463, 464, 470, 479, 482, 483, 486, 487, 488, 489, 490, 492, 493, 494, 497, 498, 499, 501, 502, 503, 506, 507, 508, 511, 512, 513, 514, 519, 521, 535, 537, 552, 555, 569, 570, 573, 574, 575, 576, 577, 578, 579, 580, 581, 584, 585, 586, 589, 590, 591, 593, 594, 597, 598, 599, 601, 604, 605, 607, 608, 609, 612, 614, 615, 616, 617, 620, 621, 622, 623, 625, 628, 629, 631, 632, 633, 636, 638, 639, 640, 641, 644, 645, 646, 647, 648, 650, 651, 653, 656, 668, 671, 672, 673, 675, 676, 679, 680, 681, 684, 687, 688, 691, 692, 693, 694, 696, 705, 708, 722, 724, 725, 726, 731, 734, 739, 740, 741, 742, 745, 747, 765, 778, 787, 795, 821, 823, 824, 827, 828, 830, 831, 832, 833, 835, 836, 837, 842, 844, 845, 850, 851, 854, 855, 856, 859, 860, 862, 863, 864, 865, 866, 869, 870, 871, 874, 885, 888, 908, 910, 911, 912, 913, 915, 918, 919, 920, 921, 926, 927, 928, 929, 930, 931, 936, 952, 955, 957, 980, 983, 996, 997, 999, 1001, 1002, 1004, 1006, 1012, 1018, 1026, 1028, 1030, 1031, 1032, 1034, 1044, 1053, 1055], "summary": {"covered_lines": 304, "num_statements": 320, "percent_covered": 95.0, "percent_covered_display": "95", "missing_lines": 16, "excluded_lines": 0}, "missing_lines": [449, 466, 467, 495, 515, 516, 518, 602, 626, 838, 839, 846, 847, 923, 933, 934], "excluded_lines": []}}}}, "totals": {"covered_lines": 3622, "num_statements": 7708, "percent_covered": 46.9901401141671, "percent_covered_display": "47", "missing_lines": 4086, "excluded_lines": 45}}